{"C:\\Users\\Sanjay V\\Documents\\saral-new\\Project-Saral\\v1.0\\backend\\src\\controller\\brandController.js": {"path":"C:\\Users\\Sanjay V\\Documents\\saral-new\\Project-Saral\\v1.0\\backend\\src\\controller\\brandController.js","statementMap":{"0":{"start":{"line":1,"column":22},"end":{"line":1,"column":49}},"1":{"start":{"line":2,"column":21},"end":{"line":2,"column":47}},"2":{"start":{"line":3,"column":15},"end":{"line":3,"column":43}},"3":{"start":{"line":6,"column":0},"end":{"line":50,"column":1}},"4":{"start":{"line":7,"column":4},"end":{"line":49,"column":7}},"5":{"start":{"line":8,"column":26},"end":{"line":8,"column":36}},"6":{"start":{"line":10,"column":25},"end":{"line":10,"column":41}},"7":{"start":{"line":11,"column":24},"end":{"line":11,"column":66}},"8":{"start":{"line":12,"column":23},"end":{"line":12,"column":63}},"9":{"start":{"line":14,"column":23},"end":{"line":14,"column":109}},"10":{"start":{"line":15,"column":22},"end":{"line":15,"column":186}},"11":{"start":{"line":17,"column":8},"end":{"line":40,"column":9}},"12":{"start":{"line":18,"column":28},"end":{"line":18,"column":38}},"13":{"start":{"line":19,"column":34},"end":{"line":19,"column":53}},"14":{"start":{"line":21,"column":12},"end":{"line":21,"column":81}},"15":{"start":{"line":22,"column":12},"end":{"line":22,"column":39}},"16":{"start":{"line":24,"column":33},"end":{"line":24,"column":237}},"17":{"start":{"line":26,"column":12},"end":{"line":39,"column":13}},"18":{"start":{"line":27,"column":32},"end":{"line":27,"column":47}},"19":{"start":{"line":28,"column":33},"end":{"line":28,"column":43}},"20":{"start":{"line":29,"column":39},"end":{"line":29,"column":59}},"21":{"start":{"line":31,"column":16},"end":{"line":31,"column":96}},"22":{"start":{"line":32,"column":16},"end":{"line":34,"column":19}},"23":{"start":{"line":36,"column":16},"end":{"line":38,"column":18}},"24":{"start":{"line":43,"column":8},"end":{"line":43,"column":22}},"25":{"start":{"line":44,"column":8},"end":{"line":46,"column":11}},"26":{"start":{"line":48,"column":8},"end":{"line":48,"column":14}},"27":{"start":{"line":52,"column":0},"end":{"line":81,"column":1}},"28":{"start":{"line":53,"column":4},"end":{"line":80,"column":7}},"29":{"start":{"line":54,"column":26},"end":{"line":54,"column":36}},"30":{"start":{"line":55,"column":25},"end":{"line":55,"column":41}},"31":{"start":{"line":56,"column":23},"end":{"line":56,"column":63}},"32":{"start":{"line":57,"column":22},"end":{"line":57,"column":226}},"33":{"start":{"line":59,"column":8},"end":{"line":71,"column":9}},"34":{"start":{"line":60,"column":28},"end":{"line":60,"column":36}},"35":{"start":{"line":61,"column":28},"end":{"line":61,"column":38}},"36":{"start":{"line":62,"column":34},"end":{"line":62,"column":53}},"37":{"start":{"line":64,"column":12},"end":{"line":64,"column":89}},"38":{"start":{"line":65,"column":12},"end":{"line":65,"column":50}},"39":{"start":{"line":68,"column":12},"end":{"line":70,"column":14}},"40":{"start":{"line":74,"column":8},"end":{"line":74,"column":22}},"41":{"start":{"line":75,"column":8},"end":{"line":77,"column":11}},"42":{"start":{"line":79,"column":8},"end":{"line":79,"column":14}}},"fnMap":{"0":{"name":"(anonymous_0)","decl":{"start":{"line":6,"column":25},"end":{"line":6,"column":26}},"loc":{"start":{"line":6,"column":51},"end":{"line":50,"column":1}},"line":6},"1":{"name":"(anonymous_1)","decl":{"start":{"line":52,"column":32},"end":{"line":52,"column":33}},"loc":{"start":{"line":52,"column":58},"end":{"line":81,"column":1}},"line":52}},"branchMap":{"0":{"loc":{"start":{"line":17,"column":8},"end":{"line":40,"column":9}},"type":"if","locations":[{"start":{"line":17,"column":8},"end":{"line":40,"column":9}},{"start":{"line":23,"column":15},"end":{"line":40,"column":9}}],"line":17},"1":{"loc":{"start":{"line":17,"column":12},"end":{"line":17,"column":45}},"type":"binary-expr","locations":[{"start":{"line":17,"column":12},"end":{"line":17,"column":17}},{"start":{"line":17,"column":21},"end":{"line":17,"column":45}}],"line":17},"2":{"loc":{"start":{"line":26,"column":12},"end":{"line":39,"column":13}},"type":"if","locations":[{"start":{"line":26,"column":12},"end":{"line":39,"column":13}},{"start":{"line":35,"column":19},"end":{"line":39,"column":13}}],"line":26},"3":{"loc":{"start":{"line":26,"column":16},"end":{"line":26,"column":51}},"type":"binary-expr","locations":[{"start":{"line":26,"column":16},"end":{"line":26,"column":28}},{"start":{"line":26,"column":32},"end":{"line":26,"column":51}}],"line":26},"4":{"loc":{"start":{"line":59,"column":8},"end":{"line":71,"column":9}},"type":"if","locations":[{"start":{"line":59,"column":8},"end":{"line":71,"column":9}},{"start":{"line":67,"column":15},"end":{"line":71,"column":9}}],"line":59}},"s":{"0":2,"1":2,"2":2,"3":2,"4":3,"5":3,"6":3,"7":3,"8":3,"9":3,"10":3,"11":3,"12":1,"13":1,"14":1,"15":1,"16":2,"17":2,"18":1,"19":1,"20":1,"21":1,"22":1,"23":1,"24":0,"25":0,"26":3,"27":2,"28":2,"29":2,"30":2,"31":2,"32":2,"33":2,"34":1,"35":1,"36":1,"37":1,"38":1,"39":0,"40":1,"41":1,"42":2},"f":{"0":3,"1":2},"b":{"0":[1,2],"1":[3,1],"2":[1,1],"3":[2,1],"4":[1,0]},"_coverageSchema":"1a1c01bbd47fc00a2c39e90264f33305004495a9","hash":"52fdd9e0b186969279f639461728b5010aadcb96"}
,"C:\\Users\\Sanjay V\\Documents\\saral-new\\Project-Saral\\v1.0\\backend\\src\\controller\\marksController.js": {"path":"C:\\Users\\Sanjay V\\Documents\\saral-new\\Project-Saral\\v1.0\\backend\\src\\controller\\marksController.js","statementMap":{"0":{"start":{"line":1,"column":39},"end":{"line":1,"column":65}},"1":{"start":{"line":2,"column":20},"end":{"line":2,"column":46}},"2":{"start":{"line":3,"column":15},"end":{"line":3,"column":46}},"3":{"start":{"line":4,"column":25},"end":{"line":4,"column":56}},"4":{"start":{"line":5,"column":15},"end":{"line":5,"column":43}},"5":{"start":{"line":6,"column":18},"end":{"line":6,"column":40}},"6":{"start":{"line":7,"column":20},"end":{"line":7,"column":45}},"7":{"start":{"line":9,"column":0},"end":{"line":79,"column":1}},"8":{"start":{"line":10,"column":18},"end":{"line":10,"column":20}},"9":{"start":{"line":11,"column":22},"end":{"line":11,"column":32}},"10":{"start":{"line":13,"column":4},"end":{"line":15,"column":5}},"11":{"start":{"line":17,"column":4},"end":{"line":78,"column":5}},"12":{"start":{"line":18,"column":25},"end":{"line":18,"column":41}},"13":{"start":{"line":19,"column":8},"end":{"line":19,"column":59}},"14":{"start":{"line":20,"column":8},"end":{"line":20,"column":94}},"15":{"start":{"line":20,"column":49},"end":{"line":20,"column":94}},"16":{"start":{"line":21,"column":27},"end":{"line":21,"column":48}},"17":{"start":{"line":22,"column":8},"end":{"line":23,"column":56}},"18":{"start":{"line":22,"column":69},"end":{"line":22,"column":91}},"19":{"start":{"line":23,"column":12},"end":{"line":23,"column":56}},"20":{"start":{"line":26,"column":24},"end":{"line":26,"column":40}},"21":{"start":{"line":27,"column":25},"end":{"line":27,"column":42}},"22":{"start":{"line":28,"column":23},"end":{"line":28,"column":38}},"23":{"start":{"line":29,"column":25},"end":{"line":29,"column":44}},"24":{"start":{"line":30,"column":24},"end":{"line":30,"column":40}},"25":{"start":{"line":31,"column":23},"end":{"line":31,"column":40}},"26":{"start":{"line":32,"column":26},"end":{"line":32,"column":46}},"27":{"start":{"line":33,"column":22},"end":{"line":33,"column":36}},"28":{"start":{"line":35,"column":8},"end":{"line":58,"column":11}},"29":{"start":{"line":36,"column":25},"end":{"line":46,"column":29}},"30":{"start":{"line":48,"column":30},"end":{"line":56,"column":13}},"31":{"start":{"line":57,"column":12},"end":{"line":57,"column":33}},"32":{"start":{"line":60,"column":8},"end":{"line":60,"column":63}},"33":{"start":{"line":62,"column":8},"end":{"line":62,"column":64}},"34":{"start":{"line":63,"column":24},"end":{"line":63,"column":34}},"35":{"start":{"line":64,"column":30},"end":{"line":64,"column":49}},"36":{"start":{"line":65,"column":8},"end":{"line":65,"column":84}},"37":{"start":{"line":66,"column":8},"end":{"line":66,"column":64}},"38":{"start":{"line":68,"column":8},"end":{"line":68,"column":22}},"39":{"start":{"line":69,"column":8},"end":{"line":74,"column":9}},"40":{"start":{"line":70,"column":12},"end":{"line":70,"column":54}},"41":{"start":{"line":73,"column":12},"end":{"line":73,"column":54}},"42":{"start":{"line":76,"column":8},"end":{"line":76,"column":54}},"43":{"start":{"line":77,"column":8},"end":{"line":77,"column":14}},"44":{"start":{"line":81,"column":0},"end":{"line":157,"column":1}},"45":{"start":{"line":83,"column":4},"end":{"line":156,"column":5}},"46":{"start":{"line":84,"column":26},"end":{"line":84,"column":36}},"47":{"start":{"line":85,"column":25},"end":{"line":85,"column":41}},"48":{"start":{"line":86,"column":22},"end":{"line":86,"column":60}},"49":{"start":{"line":87,"column":22},"end":{"line":87,"column":60}},"50":{"start":{"line":89,"column":8},"end":{"line":91,"column":9}},"51":{"start":{"line":90,"column":12},"end":{"line":90,"column":75}},"52":{"start":{"line":93,"column":8},"end":{"line":95,"column":9}},"53":{"start":{"line":94,"column":12},"end":{"line":94,"column":63}},"54":{"start":{"line":97,"column":22},"end":{"line":97,"column":24}},"55":{"start":{"line":99,"column":8},"end":{"line":103,"column":9}},"56":{"start":{"line":100,"column":12},"end":{"line":100,"column":59}},"57":{"start":{"line":101,"column":29},"end":{"line":101,"column":129}},"58":{"start":{"line":102,"column":12},"end":{"line":102,"column":46}},"59":{"start":{"line":106,"column":73},"end":{"line":106,"column":81}},"60":{"start":{"line":108,"column":8},"end":{"line":111,"column":9}},"61":{"start":{"line":109,"column":12},"end":{"line":110,"column":67}},"62":{"start":{"line":113,"column":8},"end":{"line":115,"column":9}},"63":{"start":{"line":114,"column":12},"end":{"line":114,"column":37}},"64":{"start":{"line":117,"column":8},"end":{"line":119,"column":9}},"65":{"start":{"line":118,"column":12},"end":{"line":118,"column":35}},"66":{"start":{"line":121,"column":8},"end":{"line":123,"column":9}},"67":{"start":{"line":122,"column":12},"end":{"line":122,"column":35}},"68":{"start":{"line":125,"column":8},"end":{"line":127,"column":9}},"69":{"start":{"line":126,"column":12},"end":{"line":126,"column":31}},"70":{"start":{"line":129,"column":8},"end":{"line":131,"column":9}},"71":{"start":{"line":130,"column":12},"end":{"line":130,"column":59}},"72":{"start":{"line":133,"column":8},"end":{"line":139,"column":9}},"73":{"start":{"line":134,"column":12},"end":{"line":134,"column":32}},"74":{"start":{"line":135,"column":12},"end":{"line":135,"column":30}},"75":{"start":{"line":137,"column":12},"end":{"line":137,"column":31}},"76":{"start":{"line":138,"column":12},"end":{"line":138,"column":30}},"77":{"start":{"line":142,"column":26},"end":{"line":144,"column":95}},"78":{"start":{"line":146,"column":24},"end":{"line":146,"column":34}},"79":{"start":{"line":147,"column":31},"end":{"line":147,"column":50}},"80":{"start":{"line":149,"column":8},"end":{"line":149,"column":83}},"81":{"start":{"line":150,"column":8},"end":{"line":150,"column":49}},"82":{"start":{"line":152,"column":8},"end":{"line":152,"column":22}},"83":{"start":{"line":153,"column":8},"end":{"line":153,"column":50}},"84":{"start":{"line":155,"column":8},"end":{"line":155,"column":14}}},"fnMap":{"0":{"name":"(anonymous_0)","decl":{"start":{"line":9,"column":20},"end":{"line":9,"column":21}},"loc":{"start":{"line":9,"column":46},"end":{"line":79,"column":1}},"line":9},"1":{"name":"(anonymous_1)","decl":{"start":{"line":22,"column":62},"end":{"line":22,"column":63}},"loc":{"start":{"line":22,"column":69},"end":{"line":22,"column":91}},"line":22},"2":{"name":"(anonymous_2)","decl":{"start":{"line":35,"column":42},"end":{"line":35,"column":43}},"loc":{"start":{"line":35,"column":58},"end":{"line":58,"column":9}},"line":35},"3":{"name":"(anonymous_3)","decl":{"start":{"line":81,"column":22},"end":{"line":81,"column":23}},"loc":{"start":{"line":81,"column":48},"end":{"line":157,"column":1}},"line":81}},"branchMap":{"0":{"loc":{"start":{"line":13,"column":4},"end":{"line":15,"column":5}},"type":"if","locations":[{"start":{"line":13,"column":4},"end":{"line":15,"column":5}},{"start":{},"end":{}}],"line":13},"1":{"loc":{"start":{"line":20,"column":8},"end":{"line":20,"column":94}},"type":"if","locations":[{"start":{"line":20,"column":8},"end":{"line":20,"column":94}},{"start":{},"end":{}}],"line":20},"2":{"loc":{"start":{"line":22,"column":8},"end":{"line":23,"column":56}},"type":"if","locations":[{"start":{"line":22,"column":8},"end":{"line":23,"column":56}},{"start":{},"end":{}}],"line":22},"3":{"loc":{"start":{"line":69,"column":8},"end":{"line":74,"column":9}},"type":"if","locations":[{"start":{"line":69,"column":8},"end":{"line":74,"column":9}},{"start":{"line":72,"column":13},"end":{"line":74,"column":9}}],"line":69},"4":{"loc":{"start":{"line":69,"column":12},"end":{"line":69,"column":55}},"type":"binary-expr","locations":[{"start":{"line":69,"column":12},"end":{"line":69,"column":13}},{"start":{"line":69,"column":17},"end":{"line":69,"column":55}}],"line":69},"5":{"loc":{"start":{"line":89,"column":8},"end":{"line":91,"column":9}},"type":"if","locations":[{"start":{"line":89,"column":8},"end":{"line":91,"column":9}},{"start":{},"end":{}}],"line":89},"6":{"loc":{"start":{"line":93,"column":8},"end":{"line":95,"column":9}},"type":"if","locations":[{"start":{"line":93,"column":8},"end":{"line":95,"column":9}},{"start":{},"end":{}}],"line":93},"7":{"loc":{"start":{"line":99,"column":8},"end":{"line":103,"column":9}},"type":"if","locations":[{"start":{"line":99,"column":8},"end":{"line":103,"column":9}},{"start":{},"end":{}}],"line":99},"8":{"loc":{"start":{"line":99,"column":12},"end":{"line":99,"column":49}},"type":"binary-expr","locations":[{"start":{"line":99,"column":12},"end":{"line":99,"column":27}},{"start":{"line":99,"column":31},"end":{"line":99,"column":49}}],"line":99},"9":{"loc":{"start":{"line":108,"column":8},"end":{"line":111,"column":9}},"type":"if","locations":[{"start":{"line":108,"column":8},"end":{"line":111,"column":9}},{"start":{},"end":{}}],"line":108},"10":{"loc":{"start":{"line":113,"column":8},"end":{"line":115,"column":9}},"type":"if","locations":[{"start":{"line":113,"column":8},"end":{"line":115,"column":9}},{"start":{},"end":{}}],"line":113},"11":{"loc":{"start":{"line":117,"column":8},"end":{"line":119,"column":9}},"type":"if","locations":[{"start":{"line":117,"column":8},"end":{"line":119,"column":9}},{"start":{},"end":{}}],"line":117},"12":{"loc":{"start":{"line":121,"column":8},"end":{"line":123,"column":9}},"type":"if","locations":[{"start":{"line":121,"column":8},"end":{"line":123,"column":9}},{"start":{},"end":{}}],"line":121},"13":{"loc":{"start":{"line":121,"column":12},"end":{"line":121,"column":37}},"type":"binary-expr","locations":[{"start":{"line":121,"column":12},"end":{"line":121,"column":19}},{"start":{"line":121,"column":23},"end":{"line":121,"column":37}}],"line":121},"14":{"loc":{"start":{"line":125,"column":8},"end":{"line":127,"column":9}},"type":"if","locations":[{"start":{"line":125,"column":8},"end":{"line":127,"column":9}},{"start":{},"end":{}}],"line":125},"15":{"loc":{"start":{"line":129,"column":8},"end":{"line":131,"column":9}},"type":"if","locations":[{"start":{"line":129,"column":8},"end":{"line":131,"column":9}},{"start":{},"end":{}}],"line":129},"16":{"loc":{"start":{"line":129,"column":12},"end":{"line":129,"column":43}},"type":"binary-expr","locations":[{"start":{"line":129,"column":12},"end":{"line":129,"column":19}},{"start":{"line":129,"column":23},"end":{"line":129,"column":43}}],"line":129},"17":{"loc":{"start":{"line":133,"column":8},"end":{"line":139,"column":9}},"type":"if","locations":[{"start":{"line":133,"column":8},"end":{"line":139,"column":9}},{"start":{"line":136,"column":15},"end":{"line":139,"column":9}}],"line":133}},"s":{"0":2,"1":2,"2":2,"3":2,"4":2,"5":2,"6":2,"7":2,"8":3,"9":3,"10":3,"11":3,"12":3,"13":3,"14":3,"15":0,"16":3,"17":3,"18":10,"19":1,"20":2,"21":2,"22":2,"23":2,"24":2,"25":2,"26":2,"27":2,"28":2,"29":2,"30":2,"31":2,"32":2,"33":1,"34":1,"35":1,"36":1,"37":1,"38":2,"39":2,"40":1,"41":1,"42":3,"43":3,"44":2,"45":3,"46":3,"47":3,"48":3,"49":3,"50":3,"51":0,"52":3,"53":1,"54":3,"55":3,"56":1,"57":1,"58":1,"59":3,"60":3,"61":1,"62":3,"63":1,"64":3,"65":2,"66":3,"67":2,"68":3,"69":1,"70":3,"71":2,"72":3,"73":2,"74":2,"75":1,"76":1,"77":3,"78":3,"79":3,"80":3,"81":3,"82":0,"83":0,"84":3},"f":{"0":3,"1":10,"2":2,"3":3},"b":{"0":[3,0],"1":[0,3],"2":[1,2],"3":[1,1],"4":[2,2],"5":[0,3],"6":[1,2],"7":[1,2],"8":[3,1],"9":[1,2],"10":[1,2],"11":[2,1],"12":[2,1],"13":[3,2],"14":[1,2],"15":[2,1],"16":[3,2],"17":[2,1]},"_coverageSchema":"1a1c01bbd47fc00a2c39e90264f33305004495a9","hash":"6e12a6f7dd59c76d4b9ea0d8f8e0946510416442"}
,"C:\\Users\\Sanjay V\\Documents\\saral-new\\Project-Saral\\v1.0\\backend\\src\\controller\\roiController.js": {"path":"C:\\Users\\Sanjay V\\Documents\\saral-new\\Project-Saral\\v1.0\\backend\\src\\controller\\roiController.js","statementMap":{"0":{"start":{"line":1,"column":20},"end":{"line":1,"column":46}},"1":{"start":{"line":2,"column":19},"end":{"line":2,"column":43}},"2":{"start":{"line":3,"column":22},"end":{"line":3,"column":49}},"3":{"start":{"line":4,"column":15},"end":{"line":4,"column":43}},"4":{"start":{"line":6,"column":0},"end":{"line":66,"column":1}},"5":{"start":{"line":8,"column":4},"end":{"line":65,"column":7}},"6":{"start":{"line":9,"column":26},"end":{"line":9,"column":36}},"7":{"start":{"line":10,"column":25},"end":{"line":10,"column":41}},"8":{"start":{"line":11,"column":22},"end":{"line":11,"column":60}},"9":{"start":{"line":12,"column":24},"end":{"line":12,"column":66}},"10":{"start":{"line":13,"column":21},"end":{"line":13,"column":57}},"11":{"start":{"line":15,"column":26},"end":{"line":15,"column":133}},"12":{"start":{"line":17,"column":8},"end":{"line":59,"column":9}},"13":{"start":{"line":18,"column":27},"end":{"line":18,"column":135}},"14":{"start":{"line":19,"column":29},"end":{"line":19,"column":185}},"15":{"start":{"line":20,"column":37},"end":{"line":20,"column":39}},"16":{"start":{"line":22,"column":12},"end":{"line":56,"column":13}},"17":{"start":{"line":23,"column":16},"end":{"line":40,"column":17}},"18":{"start":{"line":25,"column":20},"end":{"line":31,"column":21}},"19":{"start":{"line":33,"column":20},"end":{"line":39,"column":21}},"20":{"start":{"line":41,"column":26},"end":{"line":41,"column":90}},"21":{"start":{"line":42,"column":32},"end":{"line":42,"column":42}},"22":{"start":{"line":43,"column":38},"end":{"line":43,"column":57}},"23":{"start":{"line":45,"column":16},"end":{"line":45,"column":83}},"24":{"start":{"line":46,"column":16},"end":{"line":53,"column":17}},"25":{"start":{"line":47,"column":20},"end":{"line":50,"column":23}},"26":{"start":{"line":52,"column":20},"end":{"line":52,"column":77}},"27":{"start":{"line":55,"column":16},"end":{"line":55,"column":73}},"28":{"start":{"line":58,"column":12},"end":{"line":58,"column":73}},"29":{"start":{"line":61,"column":8},"end":{"line":61,"column":22}},"30":{"start":{"line":62,"column":8},"end":{"line":62,"column":31}},"31":{"start":{"line":64,"column":8},"end":{"line":64,"column":14}}},"fnMap":{"0":{"name":"(anonymous_0)","decl":{"start":{"line":6,"column":21},"end":{"line":6,"column":22}},"loc":{"start":{"line":6,"column":47},"end":{"line":66,"column":1}},"line":6}},"branchMap":{"0":{"loc":{"start":{"line":17,"column":8},"end":{"line":59,"column":9}},"type":"if","locations":[{"start":{"line":17,"column":8},"end":{"line":59,"column":9}},{"start":{"line":57,"column":15},"end":{"line":59,"column":9}}],"line":17},"1":{"loc":{"start":{"line":22,"column":12},"end":{"line":56,"column":13}},"type":"if","locations":[{"start":{"line":22,"column":12},"end":{"line":56,"column":13}},{"start":{"line":54,"column":19},"end":{"line":56,"column":13}}],"line":22},"2":{"loc":{"start":{"line":23,"column":16},"end":{"line":40,"column":17}},"type":"if","locations":[{"start":{"line":23,"column":16},"end":{"line":40,"column":17}},{"start":{"line":32,"column":23},"end":{"line":40,"column":17}}],"line":23},"3":{"loc":{"start":{"line":23,"column":20},"end":{"line":23,"column":95}},"type":"binary-expr","locations":[{"start":{"line":23,"column":20},"end":{"line":23,"column":33}},{"start":{"line":23,"column":37},"end":{"line":23,"column":46}},{"start":{"line":23,"column":50},"end":{"line":23,"column":78}},{"start":{"line":23,"column":82},"end":{"line":23,"column":95}}],"line":23},"4":{"loc":{"start":{"line":46,"column":16},"end":{"line":53,"column":17}},"type":"if","locations":[{"start":{"line":46,"column":16},"end":{"line":53,"column":17}},{"start":{"line":51,"column":23},"end":{"line":53,"column":17}}],"line":46}},"s":{"0":1,"1":1,"2":1,"3":1,"4":1,"5":5,"6":5,"7":5,"8":5,"9":5,"10":5,"11":5,"12":5,"13":4,"14":4,"15":4,"16":4,"17":3,"18":2,"19":1,"20":3,"21":3,"22":3,"23":3,"24":3,"25":0,"26":3,"27":1,"28":1,"29":0,"30":0,"31":5},"f":{"0":5},"b":{"0":[4,1],"1":[3,1],"2":[2,1],"3":[3,2,2,2],"4":[0,3]},"_coverageSchema":"1a1c01bbd47fc00a2c39e90264f33305004495a9","hash":"7762fa27e248ba479f4467a5483587bfe465062f"}
,"C:\\Users\\Sanjay V\\Documents\\saral-new\\Project-Saral\\v1.0\\backend\\src\\controller\\schoolController.js": {"path":"C:\\Users\\Sanjay V\\Documents\\saral-new\\Project-Saral\\v1.0\\backend\\src\\controller\\schoolController.js","statementMap":{"0":{"start":{"line":1,"column":22},"end":{"line":1,"column":49}},"1":{"start":{"line":2,"column":22},"end":{"line":2,"column":50}},"2":{"start":{"line":3,"column":20},"end":{"line":3,"column":46}},"3":{"start":{"line":4,"column":15},"end":{"line":4,"column":46}},"4":{"start":{"line":5,"column":25},"end":{"line":5,"column":56}},"5":{"start":{"line":6,"column":15},"end":{"line":6,"column":43}},"6":{"start":{"line":9,"column":0},"end":{"line":116,"column":2}},"7":{"start":{"line":11,"column":2},"end":{"line":115,"column":3}},"8":{"start":{"line":12,"column":22},"end":{"line":12,"column":32}},"9":{"start":{"line":13,"column":21},"end":{"line":13,"column":37}},"10":{"start":{"line":14,"column":18},"end":{"line":14,"column":56}},"11":{"start":{"line":15,"column":20},"end":{"line":15,"column":62}},"12":{"start":{"line":16,"column":20},"end":{"line":16,"column":62}},"13":{"start":{"line":18,"column":17},"end":{"line":18,"column":19}},"14":{"start":{"line":19,"column":4},"end":{"line":21,"column":5}},"15":{"start":{"line":20,"column":6},"end":{"line":20,"column":46}},"16":{"start":{"line":23,"column":18},"end":{"line":23,"column":87}},"17":{"start":{"line":25,"column":20},"end":{"line":25,"column":145}},"18":{"start":{"line":27,"column":4},"end":{"line":27,"column":57}},"19":{"start":{"line":29,"column":18},"end":{"line":29,"column":54}},"20":{"start":{"line":31,"column":18},"end":{"line":31,"column":20}},"21":{"start":{"line":32,"column":17},"end":{"line":59,"column":5}},"22":{"start":{"line":61,"column":15},"end":{"line":64,"column":5}},"23":{"start":{"line":66,"column":4},"end":{"line":84,"column":5}},"24":{"start":{"line":67,"column":24},"end":{"line":67,"column":144}},"25":{"start":{"line":69,"column":6},"end":{"line":71,"column":7}},"26":{"start":{"line":70,"column":8},"end":{"line":70,"column":37}},"27":{"start":{"line":73,"column":6},"end":{"line":81,"column":9}},"28":{"start":{"line":74,"column":49},"end":{"line":74,"column":53}},"29":{"start":{"line":75,"column":18},"end":{"line":79,"column":9}},"30":{"start":{"line":80,"column":8},"end":{"line":80,"column":25}},"31":{"start":{"line":82,"column":6},"end":{"line":82,"column":78}},"32":{"start":{"line":82,"column":29},"end":{"line":82,"column":77}},"33":{"start":{"line":83,"column":6},"end":{"line":83,"column":28}},"34":{"start":{"line":85,"column":20},"end":{"line":85,"column":30}},"35":{"start":{"line":86,"column":26},"end":{"line":86,"column":45}},"36":{"start":{"line":88,"column":4},"end":{"line":88,"column":73}},"37":{"start":{"line":90,"column":4},"end":{"line":92,"column":7}},"38":{"start":{"line":94,"column":4},"end":{"line":112,"column":5}},"39":{"start":{"line":95,"column":6},"end":{"line":95,"column":26}},"40":{"start":{"line":97,"column":6},"end":{"line":99,"column":8}},"41":{"start":{"line":101,"column":9},"end":{"line":112,"column":5}},"42":{"start":{"line":102,"column":6},"end":{"line":102,"column":20}},"43":{"start":{"line":103,"column":6},"end":{"line":105,"column":8}},"44":{"start":{"line":108,"column":6},"end":{"line":108,"column":21}},"45":{"start":{"line":109,"column":6},"end":{"line":111,"column":9}},"46":{"start":{"line":114,"column":5},"end":{"line":114,"column":11}}},"fnMap":{"0":{"name":"(anonymous_0)","decl":{"start":{"line":9,"column":22},"end":{"line":9,"column":23}},"loc":{"start":{"line":9,"column":48},"end":{"line":116,"column":1}},"line":9},"1":{"name":"(anonymous_1)","decl":{"start":{"line":73,"column":24},"end":{"line":73,"column":25}},"loc":{"start":{"line":73,"column":32},"end":{"line":81,"column":7}},"line":73},"2":{"name":"(anonymous_2)","decl":{"start":{"line":82,"column":19},"end":{"line":82,"column":20}},"loc":{"start":{"line":82,"column":29},"end":{"line":82,"column":77}},"line":82}},"branchMap":{"0":{"loc":{"start":{"line":19,"column":4},"end":{"line":21,"column":5}},"type":"if","locations":[{"start":{"line":19,"column":4},"end":{"line":21,"column":5}},{"start":{},"end":{}}],"line":19},"1":{"loc":{"start":{"line":66,"column":4},"end":{"line":84,"column":5}},"type":"if","locations":[{"start":{"line":66,"column":4},"end":{"line":84,"column":5}},{"start":{},"end":{}}],"line":66},"2":{"loc":{"start":{"line":69,"column":6},"end":{"line":71,"column":7}},"type":"if","locations":[{"start":{"line":69,"column":6},"end":{"line":71,"column":7}},{"start":{},"end":{}}],"line":69},"3":{"loc":{"start":{"line":94,"column":4},"end":{"line":112,"column":5}},"type":"if","locations":[{"start":{"line":94,"column":4},"end":{"line":112,"column":5}},{"start":{"line":101,"column":9},"end":{"line":112,"column":5}}],"line":94},"4":{"loc":{"start":{"line":94,"column":8},"end":{"line":94,"column":65}},"type":"binary-expr","locations":[{"start":{"line":94,"column":8},"end":{"line":94,"column":9}},{"start":{"line":94,"column":13},"end":{"line":94,"column":65}}],"line":94},"5":{"loc":{"start":{"line":101,"column":9},"end":{"line":112,"column":5}},"type":"if","locations":[{"start":{"line":101,"column":9},"end":{"line":112,"column":5}},{"start":{"line":107,"column":9},"end":{"line":112,"column":5}}],"line":101},"6":{"loc":{"start":{"line":101,"column":13},"end":{"line":101,"column":56}},"type":"binary-expr","locations":[{"start":{"line":101,"column":13},"end":{"line":101,"column":14}},{"start":{"line":101,"column":18},"end":{"line":101,"column":56}}],"line":101}},"s":{"0":1,"1":1,"2":1,"3":1,"4":1,"5":1,"6":1,"7":4,"8":4,"9":4,"10":4,"11":4,"12":4,"13":4,"14":4,"15":4,"16":4,"17":3,"18":3,"19":2,"20":2,"21":2,"22":2,"23":2,"24":2,"25":2,"26":1,"27":1,"28":1,"29":1,"30":1,"31":1,"32":0,"33":1,"34":1,"35":1,"36":1,"37":1,"38":3,"39":1,"40":1,"41":2,"42":1,"43":1,"44":1,"45":1,"46":4},"f":{"0":4,"1":1,"2":0},"b":{"0":[4,0],"1":[2,0],"2":[1,1],"3":[1,2],"4":[3,3],"5":[1,1],"6":[2,2]},"_coverageSchema":"1a1c01bbd47fc00a2c39e90264f33305004495a9","hash":"f8f36158e4955cc39b7453ba31bd04c99046f015"}
,"C:\\Users\\Sanjay V\\Documents\\saral-new\\Project-Saral\\v1.0\\backend\\src\\controller\\studentController.js": {"path":"C:\\Users\\Sanjay V\\Documents\\saral-new\\Project-Saral\\v1.0\\backend\\src\\controller\\studentController.js","statementMap":{"0":{"start":{"line":1,"column":22},"end":{"line":1,"column":49}},"1":{"start":{"line":2,"column":23},"end":{"line":2,"column":52}},"2":{"start":{"line":3,"column":20},"end":{"line":3,"column":46}},"3":{"start":{"line":4,"column":20},"end":{"line":4,"column":46}},"4":{"start":{"line":5,"column":15},"end":{"line":5,"column":46}},"5":{"start":{"line":6,"column":15},"end":{"line":6,"column":43}},"6":{"start":{"line":10,"column":0},"end":{"line":88,"column":2}},"7":{"start":{"line":11,"column":4},"end":{"line":87,"column":7}},"8":{"start":{"line":12,"column":25},"end":{"line":12,"column":41}},"9":{"start":{"line":13,"column":24},"end":{"line":13,"column":66}},"10":{"start":{"line":14,"column":25},"end":{"line":14,"column":69}},"11":{"start":{"line":15,"column":22},"end":{"line":15,"column":60}},"12":{"start":{"line":16,"column":22},"end":{"line":16,"column":60}},"13":{"start":{"line":18,"column":26},"end":{"line":18,"column":36}},"14":{"start":{"line":19,"column":22},"end":{"line":19,"column":24}},"15":{"start":{"line":20,"column":26},"end":{"line":20,"column":28}},"16":{"start":{"line":22,"column":8},"end":{"line":22,"column":44}},"17":{"start":{"line":23,"column":8},"end":{"line":28,"column":9}},"18":{"start":{"line":24,"column":12},"end":{"line":25,"column":53}},"19":{"start":{"line":27,"column":12},"end":{"line":27,"column":75}},"20":{"start":{"line":30,"column":23},"end":{"line":30,"column":79}},"21":{"start":{"line":31,"column":8},"end":{"line":31,"column":38}},"22":{"start":{"line":33,"column":8},"end":{"line":35,"column":9}},"23":{"start":{"line":34,"column":12},"end":{"line":34,"column":45}},"24":{"start":{"line":37,"column":8},"end":{"line":41,"column":9}},"25":{"start":{"line":38,"column":26},"end":{"line":38,"column":54}},"26":{"start":{"line":39,"column":12},"end":{"line":39,"column":42}},"27":{"start":{"line":40,"column":12},"end":{"line":40,"column":43}},"28":{"start":{"line":42,"column":8},"end":{"line":42,"column":64}},"29":{"start":{"line":44,"column":25},"end":{"line":44,"column":106}},"30":{"start":{"line":45,"column":24},"end":{"line":45,"column":34}},"31":{"start":{"line":46,"column":30},"end":{"line":46,"column":49}},"32":{"start":{"line":48,"column":8},"end":{"line":48,"column":107}},"33":{"start":{"line":50,"column":8},"end":{"line":69,"column":9}},"34":{"start":{"line":51,"column":25},"end":{"line":56,"column":13}},"35":{"start":{"line":58,"column":12},"end":{"line":60,"column":13}},"36":{"start":{"line":59,"column":16},"end":{"line":59,"column":42}},"37":{"start":{"line":62,"column":24},"end":{"line":62,"column":89}},"38":{"start":{"line":64,"column":12},"end":{"line":68,"column":13}},"39":{"start":{"line":65,"column":16},"end":{"line":65,"column":74}},"40":{"start":{"line":67,"column":16},"end":{"line":67,"column":53}},"41":{"start":{"line":71,"column":22},"end":{"line":71,"column":97}},"42":{"start":{"line":73,"column":25},"end":{"line":73,"column":35}},"43":{"start":{"line":74,"column":31},"end":{"line":74,"column":51}},"44":{"start":{"line":76,"column":8},"end":{"line":76,"column":105}},"45":{"start":{"line":77,"column":8},"end":{"line":79,"column":11}},"46":{"start":{"line":81,"column":8},"end":{"line":81,"column":22}},"47":{"start":{"line":82,"column":8},"end":{"line":84,"column":11}},"48":{"start":{"line":86,"column":8},"end":{"line":86,"column":14}}},"fnMap":{"0":{"name":"(anonymous_0)","decl":{"start":{"line":10,"column":32},"end":{"line":10,"column":33}},"loc":{"start":{"line":10,"column":58},"end":{"line":88,"column":1}},"line":10}},"branchMap":{"0":{"loc":{"start":{"line":23,"column":8},"end":{"line":28,"column":9}},"type":"if","locations":[{"start":{"line":23,"column":8},"end":{"line":28,"column":9}},{"start":{"line":26,"column":15},"end":{"line":28,"column":9}}],"line":23},"1":{"loc":{"start":{"line":33,"column":8},"end":{"line":35,"column":9}},"type":"if","locations":[{"start":{"line":33,"column":8},"end":{"line":35,"column":9}},{"start":{},"end":{}}],"line":33},"2":{"loc":{"start":{"line":33,"column":12},"end":{"line":33,"column":57}},"type":"binary-expr","locations":[{"start":{"line":33,"column":12},"end":{"line":33,"column":29}},{"start":{"line":33,"column":33},"end":{"line":33,"column":57}}],"line":33},"3":{"loc":{"start":{"line":37,"column":8},"end":{"line":41,"column":9}},"type":"if","locations":[{"start":{"line":37,"column":8},"end":{"line":41,"column":9}},{"start":{},"end":{}}],"line":37},"4":{"loc":{"start":{"line":58,"column":12},"end":{"line":60,"column":13}},"type":"if","locations":[{"start":{"line":58,"column":12},"end":{"line":60,"column":13}},{"start":{},"end":{}}],"line":58},"5":{"loc":{"start":{"line":64,"column":12},"end":{"line":68,"column":13}},"type":"if","locations":[{"start":{"line":64,"column":12},"end":{"line":68,"column":13}},{"start":{"line":66,"column":19},"end":{"line":68,"column":13}}],"line":64},"6":{"loc":{"start":{"line":64,"column":16},"end":{"line":64,"column":49}},"type":"binary-expr","locations":[{"start":{"line":64,"column":16},"end":{"line":64,"column":21}},{"start":{"line":64,"column":25},"end":{"line":64,"column":49}}],"line":64}},"s":{"0":1,"1":1,"2":1,"3":1,"4":1,"5":1,"6":1,"7":5,"8":5,"9":5,"10":5,"11":5,"12":5,"13":5,"14":5,"15":5,"16":5,"17":5,"18":4,"19":1,"20":4,"21":4,"22":4,"23":4,"24":4,"25":4,"26":4,"27":4,"28":4,"29":4,"30":4,"31":4,"32":4,"33":4,"34":4,"35":4,"36":4,"37":4,"38":3,"39":1,"40":2,"41":3,"42":3,"43":3,"44":3,"45":3,"46":1,"47":1,"48":5},"f":{"0":5},"b":{"0":[4,1],"1":[4,0],"2":[4,4],"3":[4,0],"4":[4,0],"5":[1,2],"6":[3,1]},"_coverageSchema":"1a1c01bbd47fc00a2c39e90264f33305004495a9","hash":"33fe368b1910438793eb2ec818ea912bae098f9a"}
,"C:\\Users\\Sanjay V\\Documents\\saral-new\\Project-Saral\\v1.0\\backend\\src\\middleware\\helper.js": {"path":"C:\\Users\\Sanjay V\\Documents\\saral-new\\Project-Saral\\v1.0\\backend\\src\\middleware\\helper.js","statementMap":{"0":{"start":{"line":1,"column":25},"end":{"line":1,"column":56}},"1":{"start":{"line":2,"column":20},"end":{"line":2,"column":45}},"2":{"start":{"line":3,"column":20},"end":{"line":3,"column":46}},"3":{"start":{"line":4,"column":23},"end":{"line":4,"column":51}},"4":{"start":{"line":5,"column":15},"end":{"line":5,"column":34}},"5":{"start":{"line":8,"column":30},"end":{"line":142,"column":1}},"6":{"start":{"line":10,"column":8},"end":{"line":39,"column":9}},"7":{"start":{"line":11,"column":26},"end":{"line":11,"column":64}},"8":{"start":{"line":13,"column":26},"end":{"line":13,"column":85}},"9":{"start":{"line":14,"column":12},"end":{"line":36,"column":13}},"10":{"start":{"line":15,"column":31},"end":{"line":15,"column":48}},"11":{"start":{"line":16,"column":16},"end":{"line":34,"column":17}},"12":{"start":{"line":18,"column":24},"end":{"line":20,"column":25}},"13":{"start":{"line":19,"column":28},"end":{"line":19,"column":71}},"14":{"start":{"line":21,"column":24},"end":{"line":21,"column":30}},"15":{"start":{"line":23,"column":24},"end":{"line":25,"column":25}},"16":{"start":{"line":24,"column":28},"end":{"line":24,"column":71}},"17":{"start":{"line":26,"column":24},"end":{"line":26,"column":30}},"18":{"start":{"line":28,"column":24},"end":{"line":30,"column":25}},"19":{"start":{"line":29,"column":28},"end":{"line":29,"column":71}},"20":{"start":{"line":31,"column":24},"end":{"line":31,"column":30}},"21":{"start":{"line":38,"column":12},"end":{"line":38,"column":24}},"22":{"start":{"line":43,"column":8},"end":{"line":66,"column":9}},"23":{"start":{"line":44,"column":26},"end":{"line":44,"column":64}},"24":{"start":{"line":45,"column":25},"end":{"line":50,"column":13}},"25":{"start":{"line":52,"column":12},"end":{"line":54,"column":13}},"26":{"start":{"line":53,"column":16},"end":{"line":53,"column":72}},"27":{"start":{"line":56,"column":28},"end":{"line":56,"column":73}},"28":{"start":{"line":58,"column":12},"end":{"line":60,"column":13}},"29":{"start":{"line":59,"column":16},"end":{"line":59,"column":72}},"30":{"start":{"line":62,"column":12},"end":{"line":62,"column":23}},"31":{"start":{"line":65,"column":12},"end":{"line":65,"column":23}},"32":{"start":{"line":69,"column":8},"end":{"line":81,"column":9}},"33":{"start":{"line":70,"column":29},"end":{"line":70,"column":73}},"34":{"start":{"line":72,"column":24},"end":{"line":74,"column":13}},"35":{"start":{"line":75,"column":25},"end":{"line":75,"column":55}},"36":{"start":{"line":76,"column":26},"end":{"line":76,"column":55}},"37":{"start":{"line":77,"column":28},"end":{"line":77,"column":83}},"38":{"start":{"line":78,"column":12},"end":{"line":78,"column":40}},"39":{"start":{"line":80,"column":12},"end":{"line":80,"column":23}},"40":{"start":{"line":86,"column":19},"end":{"line":86,"column":21}},"41":{"start":{"line":89,"column":12},"end":{"line":91,"column":13}},"42":{"start":{"line":90,"column":16},"end":{"line":90,"column":23}},"43":{"start":{"line":92,"column":25},"end":{"line":92,"column":29}},"44":{"start":{"line":93,"column":12},"end":{"line":108,"column":13}},"45":{"start":{"line":94,"column":16},"end":{"line":98,"column":17}},"46":{"start":{"line":95,"column":20},"end":{"line":95,"column":46}},"47":{"start":{"line":96,"column":23},"end":{"line":98,"column":17}},"48":{"start":{"line":97,"column":20},"end":{"line":97,"column":31}},"49":{"start":{"line":99,"column":19},"end":{"line":108,"column":13}},"50":{"start":{"line":100,"column":16},"end":{"line":107,"column":17}},"51":{"start":{"line":101,"column":20},"end":{"line":101,"column":50}},"52":{"start":{"line":102,"column":20},"end":{"line":104,"column":21}},"53":{"start":{"line":103,"column":24},"end":{"line":103,"column":50}},"54":{"start":{"line":106,"column":20},"end":{"line":106,"column":32}},"55":{"start":{"line":110,"column":12},"end":{"line":110,"column":34}},"56":{"start":{"line":114,"column":12},"end":{"line":136,"column":13}},"57":{"start":{"line":115,"column":16},"end":{"line":133,"column":18}},"58":{"start":{"line":116,"column":20},"end":{"line":132,"column":21}},"59":{"start":{"line":117,"column":24},"end":{"line":124,"column":25}},"60":{"start":{"line":118,"column":28},"end":{"line":118,"column":58}},"61":{"start":{"line":119,"column":28},"end":{"line":119,"column":64}},"62":{"start":{"line":120,"column":28},"end":{"line":120,"column":108}},"63":{"start":{"line":122,"column":29},"end":{"line":124,"column":25}},"64":{"start":{"line":123,"column":28},"end":{"line":123,"column":90}},"65":{"start":{"line":125,"column":27},"end":{"line":132,"column":21}},"66":{"start":{"line":126,"column":24},"end":{"line":128,"column":25}},"67":{"start":{"line":127,"column":28},"end":{"line":127,"column":42}},"68":{"start":{"line":129,"column":24},"end":{"line":131,"column":26}},"69":{"start":{"line":130,"column":28},"end":{"line":130,"column":78}},"70":{"start":{"line":135,"column":16},"end":{"line":135,"column":81}},"71":{"start":{"line":139,"column":8},"end":{"line":139,"column":36}},"72":{"start":{"line":140,"column":8},"end":{"line":140,"column":20}},"73":{"start":{"line":144,"column":0},"end":{"line":144,"column":39}}},"fnMap":{"0":{"name":"(anonymous_0)","decl":{"start":{"line":9,"column":25},"end":{"line":9,"column":26}},"loc":{"start":{"line":9,"column":65},"end":{"line":40,"column":5}},"line":9},"1":{"name":"(anonymous_1)","decl":{"start":{"line":42,"column":23},"end":{"line":42,"column":24}},"loc":{"start":{"line":42,"column":70},"end":{"line":67,"column":5}},"line":42},"2":{"name":"(anonymous_2)","decl":{"start":{"line":68,"column":29},"end":{"line":68,"column":30}},"loc":{"start":{"line":68,"column":73},"end":{"line":82,"column":5}},"line":68},"3":{"name":"(anonymous_3)","decl":{"start":{"line":85,"column":42},"end":{"line":85,"column":43}},"loc":{"start":{"line":85,"column":74},"end":{"line":141,"column":5}},"line":85},"4":{"name":"transformData","decl":{"start":{"line":88,"column":17},"end":{"line":88,"column":30}},"loc":{"start":{"line":88,"column":69},"end":{"line":111,"column":9}},"line":88},"5":{"name":"iterateOverObject","decl":{"start":{"line":113,"column":17},"end":{"line":113,"column":34}},"loc":{"start":{"line":113,"column":79},"end":{"line":137,"column":9}},"line":113},"6":{"name":"(anonymous_6)","decl":{"start":{"line":115,"column":41},"end":{"line":115,"column":42}},"loc":{"start":{"line":115,"column":48},"end":{"line":133,"column":17}},"line":115},"7":{"name":"(anonymous_7)","decl":{"start":{"line":129,"column":44},"end":{"line":129,"column":45}},"loc":{"start":{"line":129,"column":57},"end":{"line":131,"column":25}},"line":129}},"branchMap":{"0":{"loc":{"start":{"line":16,"column":16},"end":{"line":34,"column":17}},"type":"switch","locations":[{"start":{"line":17,"column":20},"end":{"line":21,"column":30}},{"start":{"line":22,"column":20},"end":{"line":26,"column":30}},{"start":{"line":27,"column":20},"end":{"line":31,"column":30}},{"start":{"line":32,"column":20},"end":{"line":32,"column":28}}],"line":16},"1":{"loc":{"start":{"line":18,"column":24},"end":{"line":20,"column":25}},"type":"if","locations":[{"start":{"line":18,"column":24},"end":{"line":20,"column":25}},{"start":{},"end":{}}],"line":18},"2":{"loc":{"start":{"line":23,"column":24},"end":{"line":25,"column":25}},"type":"if","locations":[{"start":{"line":23,"column":24},"end":{"line":25,"column":25}},{"start":{},"end":{}}],"line":23},"3":{"loc":{"start":{"line":28,"column":24},"end":{"line":30,"column":25}},"type":"if","locations":[{"start":{"line":28,"column":24},"end":{"line":30,"column":25}},{"start":{},"end":{}}],"line":28},"4":{"loc":{"start":{"line":52,"column":12},"end":{"line":54,"column":13}},"type":"if","locations":[{"start":{"line":52,"column":12},"end":{"line":54,"column":13}},{"start":{},"end":{}}],"line":52},"5":{"loc":{"start":{"line":58,"column":12},"end":{"line":60,"column":13}},"type":"if","locations":[{"start":{"line":58,"column":12},"end":{"line":60,"column":13}},{"start":{},"end":{}}],"line":58},"6":{"loc":{"start":{"line":89,"column":12},"end":{"line":91,"column":13}},"type":"if","locations":[{"start":{"line":89,"column":12},"end":{"line":91,"column":13}},{"start":{},"end":{}}],"line":89},"7":{"loc":{"start":{"line":89,"column":15},"end":{"line":89,"column":110}},"type":"binary-expr","locations":[{"start":{"line":89,"column":15},"end":{"line":89,"column":42}},{"start":{"line":89,"column":46},"end":{"line":89,"column":82}},{"start":{"line":89,"column":86},"end":{"line":89,"column":110}}],"line":89},"8":{"loc":{"start":{"line":93,"column":12},"end":{"line":108,"column":13}},"type":"if","locations":[{"start":{"line":93,"column":12},"end":{"line":108,"column":13}},{"start":{"line":99,"column":19},"end":{"line":108,"column":13}}],"line":93},"9":{"loc":{"start":{"line":93,"column":15},"end":{"line":93,"column":71}},"type":"binary-expr","locations":[{"start":{"line":93,"column":16},"end":{"line":93,"column":27}},{"start":{"line":93,"column":31},"end":{"line":93,"column":47}},{"start":{"line":93,"column":52},"end":{"line":93,"column":71}}],"line":93},"10":{"loc":{"start":{"line":94,"column":16},"end":{"line":98,"column":17}},"type":"if","locations":[{"start":{"line":94,"column":16},"end":{"line":98,"column":17}},{"start":{"line":96,"column":23},"end":{"line":98,"column":17}}],"line":94},"11":{"loc":{"start":{"line":96,"column":23},"end":{"line":98,"column":17}},"type":"if","locations":[{"start":{"line":96,"column":23},"end":{"line":98,"column":17}},{"start":{},"end":{}}],"line":96},"12":{"loc":{"start":{"line":99,"column":19},"end":{"line":108,"column":13}},"type":"if","locations":[{"start":{"line":99,"column":19},"end":{"line":108,"column":13}},{"start":{},"end":{}}],"line":99},"13":{"loc":{"start":{"line":99,"column":22},"end":{"line":99,"column":50}},"type":"binary-expr","locations":[{"start":{"line":99,"column":22},"end":{"line":99,"column":25}},{"start":{"line":99,"column":29},"end":{"line":99,"column":37}},{"start":{"line":99,"column":41},"end":{"line":99,"column":50}}],"line":99},"14":{"loc":{"start":{"line":100,"column":16},"end":{"line":107,"column":17}},"type":"if","locations":[{"start":{"line":100,"column":16},"end":{"line":107,"column":17}},{"start":{"line":105,"column":23},"end":{"line":107,"column":17}}],"line":100},"15":{"loc":{"start":{"line":102,"column":20},"end":{"line":104,"column":21}},"type":"if","locations":[{"start":{"line":102,"column":20},"end":{"line":104,"column":21}},{"start":{},"end":{}}],"line":102},"16":{"loc":{"start":{"line":113,"column":40},"end":{"line":113,"column":46}},"type":"default-arg","locations":[{"start":{"line":113,"column":42},"end":{"line":113,"column":46}}],"line":113},"17":{"loc":{"start":{"line":113,"column":48},"end":{"line":113,"column":57}},"type":"default-arg","locations":[{"start":{"line":113,"column":53},"end":{"line":113,"column":57}}],"line":113},"18":{"loc":{"start":{"line":113,"column":59},"end":{"line":113,"column":77}},"type":"default-arg","locations":[{"start":{"line":113,"column":68},"end":{"line":113,"column":77}}],"line":113},"19":{"loc":{"start":{"line":114,"column":12},"end":{"line":136,"column":13}},"type":"if","locations":[{"start":{"line":114,"column":12},"end":{"line":136,"column":13}},{"start":{"line":134,"column":19},"end":{"line":136,"column":13}}],"line":114},"20":{"loc":{"start":{"line":116,"column":20},"end":{"line":132,"column":21}},"type":"if","locations":[{"start":{"line":116,"column":20},"end":{"line":132,"column":21}},{"start":{"line":125,"column":27},"end":{"line":132,"column":21}}],"line":116},"21":{"loc":{"start":{"line":117,"column":24},"end":{"line":124,"column":25}},"type":"if","locations":[{"start":{"line":117,"column":24},"end":{"line":124,"column":25}},{"start":{"line":122,"column":29},"end":{"line":124,"column":25}}],"line":117},"22":{"loc":{"start":{"line":118,"column":41},"end":{"line":118,"column":57}},"type":"binary-expr","locations":[{"start":{"line":118,"column":41},"end":{"line":118,"column":51}},{"start":{"line":118,"column":55},"end":{"line":118,"column":57}}],"line":118},"23":{"loc":{"start":{"line":119,"column":44},"end":{"line":119,"column":63}},"type":"binary-expr","locations":[{"start":{"line":119,"column":44},"end":{"line":119,"column":57}},{"start":{"line":119,"column":61},"end":{"line":119,"column":63}}],"line":119},"24":{"loc":{"start":{"line":122,"column":29},"end":{"line":124,"column":25}},"type":"if","locations":[{"start":{"line":122,"column":29},"end":{"line":124,"column":25}},{"start":{},"end":{}}],"line":122},"25":{"loc":{"start":{"line":125,"column":27},"end":{"line":132,"column":21}},"type":"if","locations":[{"start":{"line":125,"column":27},"end":{"line":132,"column":21}},{"start":{},"end":{}}],"line":125},"26":{"loc":{"start":{"line":126,"column":24},"end":{"line":128,"column":25}},"type":"if","locations":[{"start":{"line":126,"column":24},"end":{"line":128,"column":25}},{"start":{},"end":{}}],"line":126},"27":{"loc":{"start":{"line":126,"column":27},"end":{"line":126,"column":66}},"type":"binary-expr","locations":[{"start":{"line":126,"column":27},"end":{"line":126,"column":50}},{"start":{"line":126,"column":54},"end":{"line":126,"column":66}}],"line":126}},"s":{"0":8,"1":8,"2":8,"3":8,"4":8,"5":8,"6":3,"7":3,"8":3,"9":3,"10":3,"11":3,"12":1,"13":1,"14":0,"15":1,"16":1,"17":0,"18":1,"19":1,"20":0,"21":3,"22":3,"23":3,"24":3,"25":3,"26":1,"27":2,"28":2,"29":1,"30":1,"31":2,"32":2,"33":2,"34":2,"35":2,"36":2,"37":2,"38":1,"39":1,"40":5,"41":132,"42":20,"43":112,"44":112,"45":1,"46":1,"47":0,"48":0,"49":111,"50":111,"51":55,"52":55,"53":5,"54":56,"55":112,"56":7,"57":7,"58":137,"59":132,"60":12,"61":12,"62":12,"63":120,"64":120,"65":5,"66":5,"67":3,"68":5,"69":2,"70":0,"71":5,"72":5,"73":8},"f":{"0":3,"1":3,"2":2,"3":5,"4":132,"5":7,"6":137,"7":2},"b":{"0":[1,1,1,0],"1":[1,0],"2":[1,0],"3":[1,0],"4":[1,2],"5":[1,1],"6":[20,112],"7":[132,21,20],"8":[1,111],"9":[112,111,1],"10":[1,0],"11":[0,0],"12":[111,0],"13":[111,25,0],"14":[55,56],"15":[5,50],"16":[5],"17":[5],"18":[5],"19":[7,0],"20":[132,5],"21":[12,120],"22":[12,2],"23":[12,2],"24":[120,0],"25":[5,0],"26":[3,2],"27":[5,2]},"_coverageSchema":"1a1c01bbd47fc00a2c39e90264f33305004495a9","hash":"2753bd46e70d8e3eb7d2beccb2f5273855bcbe46"}
}
