{"C:\\Users\\test\\react-native\\Project-Saral\\v1.0\\backend\\src\\controller\\brandController.js": {"path":"C:\\Users\\test\\react-native\\Project-Saral\\v1.0\\backend\\src\\controller\\brandController.js","statementMap":{"0":{"start":{"line":1,"column":16},"end":{"line":1,"column":43}},"1":{"start":{"line":2,"column":15},"end":{"line":2,"column":41}},"2":{"start":{"line":5,"column":0},"end":{"line":33,"column":1}},"3":{"start":{"line":6,"column":4},"end":{"line":32,"column":5}},"4":{"start":{"line":7,"column":23},"end":{"line":7,"column":79}},"5":{"start":{"line":9,"column":22},"end":{"line":9,"column":152}},"6":{"start":{"line":11,"column":8},"end":{"line":26,"column":9}},"7":{"start":{"line":12,"column":12},"end":{"line":12,"column":39}},"8":{"start":{"line":14,"column":33},"end":{"line":14,"column":158}},"9":{"start":{"line":16,"column":12},"end":{"line":25,"column":13}},"10":{"start":{"line":17,"column":32},"end":{"line":17,"column":47}},"11":{"start":{"line":18,"column":16},"end":{"line":20,"column":19}},"12":{"start":{"line":22,"column":16},"end":{"line":24,"column":18}},"13":{"start":{"line":29,"column":8},"end":{"line":31,"column":11}},"14":{"start":{"line":35,"column":0},"end":{"line":53,"column":1}},"15":{"start":{"line":36,"column":4},"end":{"line":52,"column":5}},"16":{"start":{"line":37,"column":22},"end":{"line":37,"column":147}},"17":{"start":{"line":38,"column":8},"end":{"line":46,"column":9}},"18":{"start":{"line":39,"column":28},"end":{"line":39,"column":36}},"19":{"start":{"line":40,"column":12},"end":{"line":40,"column":50}},"20":{"start":{"line":43,"column":12},"end":{"line":45,"column":14}},"21":{"start":{"line":49,"column":8},"end":{"line":51,"column":11}}},"fnMap":{"0":{"name":"(anonymous_0)","decl":{"start":{"line":5,"column":25},"end":{"line":5,"column":26}},"loc":{"start":{"line":5,"column":51},"end":{"line":33,"column":1}},"line":5},"1":{"name":"(anonymous_1)","decl":{"start":{"line":35,"column":32},"end":{"line":35,"column":33}},"loc":{"start":{"line":35,"column":58},"end":{"line":53,"column":1}},"line":35}},"branchMap":{"0":{"loc":{"start":{"line":11,"column":8},"end":{"line":26,"column":9}},"type":"if","locations":[{"start":{"line":11,"column":8},"end":{"line":26,"column":9}},{"start":{"line":13,"column":15},"end":{"line":26,"column":9}}],"line":11},"1":{"loc":{"start":{"line":11,"column":12},"end":{"line":11,"column":45}},"type":"binary-expr","locations":[{"start":{"line":11,"column":12},"end":{"line":11,"column":17}},{"start":{"line":11,"column":21},"end":{"line":11,"column":45}}],"line":11},"2":{"loc":{"start":{"line":16,"column":12},"end":{"line":25,"column":13}},"type":"if","locations":[{"start":{"line":16,"column":12},"end":{"line":25,"column":13}},{"start":{"line":21,"column":19},"end":{"line":25,"column":13}}],"line":16},"3":{"loc":{"start":{"line":16,"column":16},"end":{"line":16,"column":51}},"type":"binary-expr","locations":[{"start":{"line":16,"column":16},"end":{"line":16,"column":28}},{"start":{"line":16,"column":32},"end":{"line":16,"column":51}}],"line":16},"4":{"loc":{"start":{"line":38,"column":8},"end":{"line":46,"column":9}},"type":"if","locations":[{"start":{"line":38,"column":8},"end":{"line":46,"column":9}},{"start":{"line":42,"column":15},"end":{"line":46,"column":9}}],"line":38}},"s":{"0":2,"1":2,"2":2,"3":3,"4":3,"5":3,"6":3,"7":1,"8":2,"9":2,"10":1,"11":1,"12":1,"13":0,"14":2,"15":2,"16":2,"17":2,"18":1,"19":1,"20":0,"21":1},"f":{"0":3,"1":2},"b":{"0":[1,2],"1":[3,1],"2":[1,1],"3":[2,1],"4":[1,0]},"_coverageSchema":"1a1c01bbd47fc00a2c39e90264f33305004495a9","hash":"5bccdc6940b3b14ba7aee150799e44d9325f1b6d"}
,"C:\\Users\\test\\react-native\\Project-Saral\\v1.0\\backend\\src\\controller\\marksController.js": {"path":"C:\\Users\\test\\react-native\\Project-Saral\\v1.0\\backend\\src\\controller\\marksController.js","statementMap":{"0":{"start":{"line":1,"column":14},"end":{"line":1,"column":40}},"1":{"start":{"line":2,"column":14},"end":{"line":2,"column":40}},"2":{"start":{"line":3,"column":15},"end":{"line":3,"column":46}},"3":{"start":{"line":4,"column":25},"end":{"line":4,"column":56}},"4":{"start":{"line":6,"column":0},"end":{"line":78,"column":1}},"5":{"start":{"line":7,"column":18},"end":{"line":7,"column":20}},"6":{"start":{"line":9,"column":4},"end":{"line":11,"column":5}},"7":{"start":{"line":13,"column":20},"end":{"line":13,"column":36}},"8":{"start":{"line":14,"column":21},"end":{"line":14,"column":38}},"9":{"start":{"line":15,"column":19},"end":{"line":15,"column":34}},"10":{"start":{"line":16,"column":21},"end":{"line":16,"column":40}},"11":{"start":{"line":17,"column":20},"end":{"line":17,"column":36}},"12":{"start":{"line":18,"column":19},"end":{"line":18,"column":36}},"13":{"start":{"line":19,"column":22},"end":{"line":19,"column":42}},"14":{"start":{"line":20,"column":18},"end":{"line":20,"column":32}},"15":{"start":{"line":22,"column":4},"end":{"line":35,"column":7}},"16":{"start":{"line":23,"column":26},"end":{"line":33,"column":10}},"17":{"start":{"line":34,"column":8},"end":{"line":34,"column":29}},"18":{"start":{"line":36,"column":4},"end":{"line":77,"column":5}},"19":{"start":{"line":38,"column":8},"end":{"line":38,"column":52}},"20":{"start":{"line":40,"column":22},"end":{"line":40,"column":24}},"21":{"start":{"line":42,"column":8},"end":{"line":55,"column":9}},"22":{"start":{"line":42,"column":21},"end":{"line":42,"column":22}},"23":{"start":{"line":44,"column":12},"end":{"line":54,"column":14}},"24":{"start":{"line":57,"column":26},"end":{"line":57,"column":56}},"25":{"start":{"line":58,"column":8},"end":{"line":58,"column":56}},"26":{"start":{"line":60,"column":20},"end":{"line":66,"column":9}},"27":{"start":{"line":68,"column":24},"end":{"line":68,"column":67}},"28":{"start":{"line":69,"column":8},"end":{"line":69,"column":49}},"29":{"start":{"line":71,"column":8},"end":{"line":76,"column":9}},"30":{"start":{"line":72,"column":12},"end":{"line":72,"column":54}},"31":{"start":{"line":75,"column":12},"end":{"line":75,"column":39}},"32":{"start":{"line":80,"column":0},"end":{"line":137,"column":1}},"33":{"start":{"line":81,"column":4},"end":{"line":136,"column":5}},"34":{"start":{"line":82,"column":8},"end":{"line":84,"column":9}},"35":{"start":{"line":83,"column":12},"end":{"line":83,"column":63}},"36":{"start":{"line":86,"column":22},"end":{"line":86,"column":24}},"37":{"start":{"line":88,"column":8},"end":{"line":92,"column":9}},"38":{"start":{"line":89,"column":12},"end":{"line":89,"column":59}},"39":{"start":{"line":90,"column":29},"end":{"line":90,"column":77}},"40":{"start":{"line":91,"column":12},"end":{"line":91,"column":46}},"41":{"start":{"line":95,"column":73},"end":{"line":95,"column":81}},"42":{"start":{"line":97,"column":8},"end":{"line":99,"column":9}},"43":{"start":{"line":98,"column":12},"end":{"line":98,"column":37}},"44":{"start":{"line":101,"column":8},"end":{"line":103,"column":9}},"45":{"start":{"line":102,"column":12},"end":{"line":102,"column":37}},"46":{"start":{"line":105,"column":8},"end":{"line":107,"column":9}},"47":{"start":{"line":106,"column":12},"end":{"line":106,"column":35}},"48":{"start":{"line":109,"column":8},"end":{"line":111,"column":9}},"49":{"start":{"line":110,"column":12},"end":{"line":110,"column":35}},"50":{"start":{"line":112,"column":8},"end":{"line":114,"column":9}},"51":{"start":{"line":113,"column":12},"end":{"line":113,"column":31}},"52":{"start":{"line":116,"column":8},"end":{"line":118,"column":9}},"53":{"start":{"line":117,"column":12},"end":{"line":117,"column":59}},"54":{"start":{"line":120,"column":8},"end":{"line":126,"column":9}},"55":{"start":{"line":121,"column":12},"end":{"line":121,"column":32}},"56":{"start":{"line":122,"column":12},"end":{"line":122,"column":30}},"57":{"start":{"line":124,"column":12},"end":{"line":124,"column":31}},"58":{"start":{"line":125,"column":12},"end":{"line":125,"column":30}},"59":{"start":{"line":128,"column":26},"end":{"line":130,"column":95}},"60":{"start":{"line":133,"column":8},"end":{"line":133,"column":49}},"61":{"start":{"line":135,"column":8},"end":{"line":135,"column":50}}},"fnMap":{"0":{"name":"(anonymous_0)","decl":{"start":{"line":6,"column":20},"end":{"line":6,"column":21}},"loc":{"start":{"line":6,"column":46},"end":{"line":78,"column":1}},"line":6},"1":{"name":"(anonymous_1)","decl":{"start":{"line":22,"column":38},"end":{"line":22,"column":39}},"loc":{"start":{"line":22,"column":54},"end":{"line":35,"column":5}},"line":22},"2":{"name":"(anonymous_2)","decl":{"start":{"line":80,"column":22},"end":{"line":80,"column":23}},"loc":{"start":{"line":80,"column":48},"end":{"line":137,"column":1}},"line":80}},"branchMap":{"0":{"loc":{"start":{"line":9,"column":4},"end":{"line":11,"column":5}},"type":"if","locations":[{"start":{"line":9,"column":4},"end":{"line":11,"column":5}},{"start":{},"end":{}}],"line":9},"1":{"loc":{"start":{"line":71,"column":8},"end":{"line":76,"column":9}},"type":"if","locations":[{"start":{"line":71,"column":8},"end":{"line":76,"column":9}},{"start":{"line":74,"column":13},"end":{"line":76,"column":9}}],"line":71},"2":{"loc":{"start":{"line":71,"column":12},"end":{"line":71,"column":55}},"type":"binary-expr","locations":[{"start":{"line":71,"column":12},"end":{"line":71,"column":13}},{"start":{"line":71,"column":17},"end":{"line":71,"column":55}}],"line":71},"3":{"loc":{"start":{"line":82,"column":8},"end":{"line":84,"column":9}},"type":"if","locations":[{"start":{"line":82,"column":8},"end":{"line":84,"column":9}},{"start":{},"end":{}}],"line":82},"4":{"loc":{"start":{"line":88,"column":8},"end":{"line":92,"column":9}},"type":"if","locations":[{"start":{"line":88,"column":8},"end":{"line":92,"column":9}},{"start":{},"end":{}}],"line":88},"5":{"loc":{"start":{"line":88,"column":12},"end":{"line":88,"column":49}},"type":"binary-expr","locations":[{"start":{"line":88,"column":12},"end":{"line":88,"column":27}},{"start":{"line":88,"column":31},"end":{"line":88,"column":49}}],"line":88},"6":{"loc":{"start":{"line":97,"column":8},"end":{"line":99,"column":9}},"type":"if","locations":[{"start":{"line":97,"column":8},"end":{"line":99,"column":9}},{"start":{},"end":{}}],"line":97},"7":{"loc":{"start":{"line":101,"column":8},"end":{"line":103,"column":9}},"type":"if","locations":[{"start":{"line":101,"column":8},"end":{"line":103,"column":9}},{"start":{},"end":{}}],"line":101},"8":{"loc":{"start":{"line":105,"column":8},"end":{"line":107,"column":9}},"type":"if","locations":[{"start":{"line":105,"column":8},"end":{"line":107,"column":9}},{"start":{},"end":{}}],"line":105},"9":{"loc":{"start":{"line":109,"column":8},"end":{"line":111,"column":9}},"type":"if","locations":[{"start":{"line":109,"column":8},"end":{"line":111,"column":9}},{"start":{},"end":{}}],"line":109},"10":{"loc":{"start":{"line":109,"column":12},"end":{"line":109,"column":37}},"type":"binary-expr","locations":[{"start":{"line":109,"column":12},"end":{"line":109,"column":19}},{"start":{"line":109,"column":23},"end":{"line":109,"column":37}}],"line":109},"11":{"loc":{"start":{"line":112,"column":8},"end":{"line":114,"column":9}},"type":"if","locations":[{"start":{"line":112,"column":8},"end":{"line":114,"column":9}},{"start":{},"end":{}}],"line":112},"12":{"loc":{"start":{"line":116,"column":8},"end":{"line":118,"column":9}},"type":"if","locations":[{"start":{"line":116,"column":8},"end":{"line":118,"column":9}},{"start":{},"end":{}}],"line":116},"13":{"loc":{"start":{"line":116,"column":12},"end":{"line":116,"column":43}},"type":"binary-expr","locations":[{"start":{"line":116,"column":12},"end":{"line":116,"column":19}},{"start":{"line":116,"column":23},"end":{"line":116,"column":43}}],"line":116},"14":{"loc":{"start":{"line":120,"column":8},"end":{"line":126,"column":9}},"type":"if","locations":[{"start":{"line":120,"column":8},"end":{"line":126,"column":9}},{"start":{"line":123,"column":15},"end":{"line":126,"column":9}}],"line":120}},"s":{"0":2,"1":2,"2":2,"3":2,"4":2,"5":2,"6":2,"7":2,"8":2,"9":2,"10":2,"11":2,"12":2,"13":2,"14":2,"15":2,"16":2,"17":2,"18":2,"19":2,"20":1,"21":1,"22":1,"23":1,"24":1,"25":1,"26":1,"27":1,"28":1,"29":1,"30":1,"31":0,"32":2,"33":2,"34":2,"35":1,"36":2,"37":2,"38":0,"39":0,"40":0,"41":2,"42":2,"43":1,"44":2,"45":0,"46":2,"47":1,"48":2,"49":1,"50":2,"51":1,"52":2,"53":1,"54":2,"55":1,"56":1,"57":1,"58":1,"59":2,"60":2,"61":0},"f":{"0":2,"1":2,"2":2},"b":{"0":[2,0],"1":[1,0],"2":[1,1],"3":[1,1],"4":[0,2],"5":[2,0],"6":[1,1],"7":[0,2],"8":[1,1],"9":[1,1],"10":[2,1],"11":[1,1],"12":[1,1],"13":[2,1],"14":[1,1]},"_coverageSchema":"1a1c01bbd47fc00a2c39e90264f33305004495a9","hash":"9f1652e842d05aeee14e7950fa87c2f2424d0195"}
,"C:\\Users\\test\\react-native\\Project-Saral\\v1.0\\backend\\src\\controller\\roiController.js": {"path":"C:\\Users\\test\\react-native\\Project-Saral\\v1.0\\backend\\src\\controller\\roiController.js","statementMap":{"0":{"start":{"line":1,"column":14},"end":{"line":1,"column":40}},"1":{"start":{"line":2,"column":13},"end":{"line":2,"column":37}},"2":{"start":{"line":3,"column":16},"end":{"line":3,"column":43}},"3":{"start":{"line":6,"column":0},"end":{"line":52,"column":1}},"4":{"start":{"line":7,"column":4},"end":{"line":51,"column":5}},"5":{"start":{"line":8,"column":26},"end":{"line":8,"column":83}},"6":{"start":{"line":10,"column":8},"end":{"line":48,"column":9}},"7":{"start":{"line":11,"column":27},"end":{"line":11,"column":83}},"8":{"start":{"line":12,"column":29},"end":{"line":12,"column":157}},"9":{"start":{"line":13,"column":37},"end":{"line":13,"column":39}},"10":{"start":{"line":15,"column":12},"end":{"line":45,"column":13}},"11":{"start":{"line":16,"column":16},"end":{"line":32,"column":17}},"12":{"start":{"line":18,"column":20},"end":{"line":24,"column":21}},"13":{"start":{"line":26,"column":20},"end":{"line":31,"column":21}},"14":{"start":{"line":33,"column":26},"end":{"line":33,"column":88}},"15":{"start":{"line":35,"column":16},"end":{"line":42,"column":17}},"16":{"start":{"line":36,"column":20},"end":{"line":39,"column":23}},"17":{"start":{"line":41,"column":20},"end":{"line":41,"column":77}},"18":{"start":{"line":44,"column":16},"end":{"line":44,"column":73}},"19":{"start":{"line":47,"column":12},"end":{"line":47,"column":73}},"20":{"start":{"line":50,"column":8},"end":{"line":50,"column":31}}},"fnMap":{"0":{"name":"(anonymous_0)","decl":{"start":{"line":6,"column":21},"end":{"line":6,"column":22}},"loc":{"start":{"line":6,"column":47},"end":{"line":52,"column":1}},"line":6}},"branchMap":{"0":{"loc":{"start":{"line":10,"column":8},"end":{"line":48,"column":9}},"type":"if","locations":[{"start":{"line":10,"column":8},"end":{"line":48,"column":9}},{"start":{"line":46,"column":15},"end":{"line":48,"column":9}}],"line":10},"1":{"loc":{"start":{"line":15,"column":12},"end":{"line":45,"column":13}},"type":"if","locations":[{"start":{"line":15,"column":12},"end":{"line":45,"column":13}},{"start":{"line":43,"column":19},"end":{"line":45,"column":13}}],"line":15},"2":{"loc":{"start":{"line":16,"column":16},"end":{"line":32,"column":17}},"type":"if","locations":[{"start":{"line":16,"column":16},"end":{"line":32,"column":17}},{"start":{"line":25,"column":23},"end":{"line":32,"column":17}}],"line":16},"3":{"loc":{"start":{"line":16,"column":20},"end":{"line":16,"column":95}},"type":"binary-expr","locations":[{"start":{"line":16,"column":20},"end":{"line":16,"column":33}},{"start":{"line":16,"column":37},"end":{"line":16,"column":46}},{"start":{"line":16,"column":50},"end":{"line":16,"column":78}},{"start":{"line":16,"column":82},"end":{"line":16,"column":95}}],"line":16},"4":{"loc":{"start":{"line":35,"column":16},"end":{"line":42,"column":17}},"type":"if","locations":[{"start":{"line":35,"column":16},"end":{"line":42,"column":17}},{"start":{"line":40,"column":23},"end":{"line":42,"column":17}}],"line":35}},"s":{"0":1,"1":1,"2":1,"3":1,"4":5,"5":5,"6":5,"7":4,"8":4,"9":4,"10":4,"11":3,"12":2,"13":1,"14":3,"15":3,"16":0,"17":3,"18":1,"19":1,"20":0},"f":{"0":5},"b":{"0":[4,1],"1":[3,1],"2":[2,1],"3":[3,2,2,2],"4":[0,3]},"_coverageSchema":"1a1c01bbd47fc00a2c39e90264f33305004495a9","hash":"4e5df5093216d9e8f0507b89f457a4d056303d9b"}
,"C:\\Users\\test\\react-native\\Project-Saral\\v1.0\\backend\\src\\controller\\schoolController.js": {"path":"C:\\Users\\test\\react-native\\Project-Saral\\v1.0\\backend\\src\\controller\\schoolController.js","statementMap":{"0":{"start":{"line":1,"column":16},"end":{"line":1,"column":43}},"1":{"start":{"line":2,"column":16},"end":{"line":2,"column":44}},"2":{"start":{"line":3,"column":14},"end":{"line":3,"column":40}},"3":{"start":{"line":4,"column":15},"end":{"line":4,"column":46}},"4":{"start":{"line":5,"column":25},"end":{"line":5,"column":56}},"5":{"start":{"line":7,"column":0},"end":{"line":87,"column":2}},"6":{"start":{"line":8,"column":2},"end":{"line":86,"column":3}},"7":{"start":{"line":9,"column":17},"end":{"line":9,"column":19}},"8":{"start":{"line":10,"column":4},"end":{"line":12,"column":5}},"9":{"start":{"line":11,"column":6},"end":{"line":11,"column":46}},"10":{"start":{"line":14,"column":18},"end":{"line":14,"column":75}},"11":{"start":{"line":16,"column":20},"end":{"line":16,"column":71}},"12":{"start":{"line":18,"column":4},"end":{"line":18,"column":45}},"13":{"start":{"line":20,"column":18},"end":{"line":20,"column":54}},"14":{"start":{"line":22,"column":18},"end":{"line":22,"column":20}},"15":{"start":{"line":23,"column":17},"end":{"line":44,"column":5}},"16":{"start":{"line":46,"column":15},"end":{"line":49,"column":5}},"17":{"start":{"line":51,"column":4},"end":{"line":65,"column":5}},"18":{"start":{"line":52,"column":24},"end":{"line":52,"column":76}},"19":{"start":{"line":54,"column":6},"end":{"line":62,"column":9}},"20":{"start":{"line":55,"column":49},"end":{"line":55,"column":53}},"21":{"start":{"line":56,"column":18},"end":{"line":60,"column":9}},"22":{"start":{"line":61,"column":8},"end":{"line":61,"column":25}},"23":{"start":{"line":63,"column":6},"end":{"line":63,"column":78}},"24":{"start":{"line":63,"column":29},"end":{"line":63,"column":77}},"25":{"start":{"line":64,"column":6},"end":{"line":64,"column":28}},"26":{"start":{"line":67,"column":4},"end":{"line":69,"column":7}},"27":{"start":{"line":71,"column":4},"end":{"line":85,"column":5}},"28":{"start":{"line":72,"column":6},"end":{"line":74,"column":8}},"29":{"start":{"line":76,"column":9},"end":{"line":85,"column":5}},"30":{"start":{"line":77,"column":6},"end":{"line":79,"column":8}},"31":{"start":{"line":82,"column":6},"end":{"line":84,"column":9}}},"fnMap":{"0":{"name":"(anonymous_0)","decl":{"start":{"line":7,"column":22},"end":{"line":7,"column":23}},"loc":{"start":{"line":7,"column":48},"end":{"line":87,"column":1}},"line":7},"1":{"name":"(anonymous_1)","decl":{"start":{"line":54,"column":24},"end":{"line":54,"column":25}},"loc":{"start":{"line":54,"column":32},"end":{"line":62,"column":7}},"line":54},"2":{"name":"(anonymous_2)","decl":{"start":{"line":63,"column":19},"end":{"line":63,"column":20}},"loc":{"start":{"line":63,"column":29},"end":{"line":63,"column":77}},"line":63}},"branchMap":{"0":{"loc":{"start":{"line":10,"column":4},"end":{"line":12,"column":5}},"type":"if","locations":[{"start":{"line":10,"column":4},"end":{"line":12,"column":5}},{"start":{},"end":{}}],"line":10},"1":{"loc":{"start":{"line":51,"column":4},"end":{"line":65,"column":5}},"type":"if","locations":[{"start":{"line":51,"column":4},"end":{"line":65,"column":5}},{"start":{},"end":{}}],"line":51},"2":{"loc":{"start":{"line":71,"column":4},"end":{"line":85,"column":5}},"type":"if","locations":[{"start":{"line":71,"column":4},"end":{"line":85,"column":5}},{"start":{"line":76,"column":9},"end":{"line":85,"column":5}}],"line":71},"3":{"loc":{"start":{"line":71,"column":8},"end":{"line":71,"column":65}},"type":"binary-expr","locations":[{"start":{"line":71,"column":8},"end":{"line":71,"column":9}},{"start":{"line":71,"column":13},"end":{"line":71,"column":65}}],"line":71},"4":{"loc":{"start":{"line":76,"column":9},"end":{"line":85,"column":5}},"type":"if","locations":[{"start":{"line":76,"column":9},"end":{"line":85,"column":5}},{"start":{"line":81,"column":9},"end":{"line":85,"column":5}}],"line":76},"5":{"loc":{"start":{"line":76,"column":13},"end":{"line":76,"column":56}},"type":"binary-expr","locations":[{"start":{"line":76,"column":13},"end":{"line":76,"column":14}},{"start":{"line":76,"column":18},"end":{"line":76,"column":56}}],"line":76}},"s":{"0":1,"1":1,"2":1,"3":1,"4":1,"5":1,"6":3,"7":3,"8":3,"9":3,"10":3,"11":2,"12":2,"13":1,"14":1,"15":1,"16":1,"17":1,"18":1,"19":1,"20":1,"21":1,"22":1,"23":1,"24":0,"25":1,"26":1,"27":2,"28":1,"29":1,"30":1,"31":0},"f":{"0":3,"1":1,"2":0},"b":{"0":[3,0],"1":[1,0],"2":[1,1],"3":[2,2],"4":[1,0],"5":[1,1]},"_coverageSchema":"1a1c01bbd47fc00a2c39e90264f33305004495a9","hash":"46c79ec85a439c1bb2b7fc0d0ec6d305c7a7495d"}
,"C:\\Users\\test\\react-native\\Project-Saral\\v1.0\\backend\\src\\controller\\studentController.js": {"path":"C:\\Users\\test\\react-native\\Project-Saral\\v1.0\\backend\\src\\controller\\studentController.js","statementMap":{"0":{"start":{"line":1,"column":17},"end":{"line":1,"column":46}},"1":{"start":{"line":2,"column":14},"end":{"line":2,"column":40}},"2":{"start":{"line":3,"column":14},"end":{"line":3,"column":40}},"3":{"start":{"line":4,"column":15},"end":{"line":4,"column":46}},"4":{"start":{"line":8,"column":0},"end":{"line":74,"column":2}},"5":{"start":{"line":9,"column":18},"end":{"line":9,"column":20}},"6":{"start":{"line":10,"column":22},"end":{"line":10,"column":24}},"7":{"start":{"line":12,"column":4},"end":{"line":12,"column":40}},"8":{"start":{"line":13,"column":4},"end":{"line":24,"column":5}},"9":{"start":{"line":14,"column":30},"end":{"line":17,"column":9}},"10":{"start":{"line":18,"column":27},"end":{"line":18,"column":44}},"11":{"start":{"line":19,"column":8},"end":{"line":19,"column":41}},"12":{"start":{"line":20,"column":8},"end":{"line":20,"column":51}},"13":{"start":{"line":21,"column":8},"end":{"line":21,"column":48}},"14":{"start":{"line":23,"column":8},"end":{"line":23,"column":71}},"15":{"start":{"line":26,"column":4},"end":{"line":28,"column":5}},"16":{"start":{"line":27,"column":8},"end":{"line":27,"column":40}},"17":{"start":{"line":30,"column":4},"end":{"line":34,"column":5}},"18":{"start":{"line":31,"column":22},"end":{"line":31,"column":49}},"19":{"start":{"line":32,"column":8},"end":{"line":32,"column":38}},"20":{"start":{"line":33,"column":8},"end":{"line":33,"column":39}},"21":{"start":{"line":36,"column":4},"end":{"line":73,"column":5}},"22":{"start":{"line":38,"column":8},"end":{"line":38,"column":52}},"23":{"start":{"line":40,"column":25},"end":{"line":40,"column":106}},"24":{"start":{"line":43,"column":8},"end":{"line":61,"column":17}},"25":{"start":{"line":44,"column":25},"end":{"line":48,"column":13}},"26":{"start":{"line":50,"column":12},"end":{"line":52,"column":13}},"27":{"start":{"line":51,"column":16},"end":{"line":51,"column":41}},"28":{"start":{"line":54,"column":24},"end":{"line":54,"column":51}},"29":{"start":{"line":56,"column":12},"end":{"line":60,"column":17}},"30":{"start":{"line":57,"column":16},"end":{"line":57,"column":74}},"31":{"start":{"line":59,"column":16},"end":{"line":59,"column":53}},"32":{"start":{"line":64,"column":22},"end":{"line":64,"column":97}},"33":{"start":{"line":66,"column":8},"end":{"line":68,"column":11}},"34":{"start":{"line":70,"column":8},"end":{"line":72,"column":11}}},"fnMap":{"0":{"name":"(anonymous_0)","decl":{"start":{"line":8,"column":32},"end":{"line":8,"column":33}},"loc":{"start":{"line":8,"column":58},"end":{"line":74,"column":1}},"line":8}},"branchMap":{"0":{"loc":{"start":{"line":13,"column":4},"end":{"line":24,"column":5}},"type":"if","locations":[{"start":{"line":13,"column":4},"end":{"line":24,"column":5}},{"start":{"line":22,"column":11},"end":{"line":24,"column":5}}],"line":13},"1":{"loc":{"start":{"line":26,"column":4},"end":{"line":28,"column":5}},"type":"if","locations":[{"start":{"line":26,"column":4},"end":{"line":28,"column":5}},{"start":{},"end":{}}],"line":26},"2":{"loc":{"start":{"line":26,"column":8},"end":{"line":26,"column":51}},"type":"binary-expr","locations":[{"start":{"line":26,"column":8},"end":{"line":26,"column":24}},{"start":{"line":26,"column":28},"end":{"line":26,"column":51}}],"line":26},"3":{"loc":{"start":{"line":30,"column":4},"end":{"line":34,"column":5}},"type":"if","locations":[{"start":{"line":30,"column":4},"end":{"line":34,"column":5}},{"start":{},"end":{}}],"line":30},"4":{"loc":{"start":{"line":50,"column":12},"end":{"line":52,"column":13}},"type":"if","locations":[{"start":{"line":50,"column":12},"end":{"line":52,"column":13}},{"start":{},"end":{}}],"line":50},"5":{"loc":{"start":{"line":56,"column":12},"end":{"line":60,"column":17}},"type":"if","locations":[{"start":{"line":56,"column":12},"end":{"line":60,"column":17}},{"start":{"line":58,"column":17},"end":{"line":60,"column":17}}],"line":56},"6":{"loc":{"start":{"line":56,"column":15},"end":{"line":56,"column":48}},"type":"binary-expr","locations":[{"start":{"line":56,"column":15},"end":{"line":56,"column":20}},{"start":{"line":56,"column":24},"end":{"line":56,"column":48}}],"line":56}},"s":{"0":1,"1":1,"2":1,"3":1,"4":1,"5":4,"6":4,"7":4,"8":4,"9":3,"10":3,"11":3,"12":3,"13":3,"14":1,"15":3,"16":3,"17":3,"18":3,"19":3,"20":3,"21":3,"22":3,"23":3,"24":3,"25":3,"26":3,"27":3,"28":3,"29":3,"30":1,"31":2,"32":3,"33":3,"34":0},"f":{"0":4},"b":{"0":[3,1],"1":[3,0],"2":[3,3],"3":[3,0],"4":[3,0],"5":[1,2],"6":[3,1]},"_coverageSchema":"1a1c01bbd47fc00a2c39e90264f33305004495a9","hash":"09eedd8e84002d9d13ad7e3b1b4a3aca7f8c0055"}
,"C:\\Users\\test\\react-native\\Project-Saral\\v1.0\\backend\\src\\middleware\\helper.js": {"path":"C:\\Users\\test\\react-native\\Project-Saral\\v1.0\\backend\\src\\middleware\\helper.js","statementMap":{"0":{"start":{"line":1,"column":25},"end":{"line":1,"column":56}},"1":{"start":{"line":2,"column":14},"end":{"line":2,"column":39}},"2":{"start":{"line":3,"column":14},"end":{"line":3,"column":40}},"3":{"start":{"line":4,"column":15},"end":{"line":4,"column":34}},"4":{"start":{"line":7,"column":30},"end":{"line":62,"column":1}},"5":{"start":{"line":9,"column":8},"end":{"line":36,"column":9}},"6":{"start":{"line":10,"column":26},"end":{"line":10,"column":51}},"7":{"start":{"line":11,"column":12},"end":{"line":33,"column":13}},"8":{"start":{"line":12,"column":31},"end":{"line":12,"column":48}},"9":{"start":{"line":13,"column":16},"end":{"line":31,"column":17}},"10":{"start":{"line":15,"column":24},"end":{"line":17,"column":25}},"11":{"start":{"line":16,"column":28},"end":{"line":16,"column":71}},"12":{"start":{"line":18,"column":24},"end":{"line":18,"column":30}},"13":{"start":{"line":20,"column":24},"end":{"line":22,"column":25}},"14":{"start":{"line":21,"column":28},"end":{"line":21,"column":71}},"15":{"start":{"line":23,"column":24},"end":{"line":23,"column":30}},"16":{"start":{"line":25,"column":24},"end":{"line":27,"column":25}},"17":{"start":{"line":26,"column":28},"end":{"line":26,"column":71}},"18":{"start":{"line":28,"column":24},"end":{"line":28,"column":30}},"19":{"start":{"line":35,"column":12},"end":{"line":35,"column":24}},"20":{"start":{"line":40,"column":8},"end":{"line":60,"column":9}},"21":{"start":{"line":41,"column":25},"end":{"line":44,"column":14}},"22":{"start":{"line":46,"column":12},"end":{"line":48,"column":13}},"23":{"start":{"line":47,"column":16},"end":{"line":47,"column":72}},"24":{"start":{"line":50,"column":28},"end":{"line":50,"column":73}},"25":{"start":{"line":52,"column":12},"end":{"line":54,"column":13}},"26":{"start":{"line":53,"column":16},"end":{"line":53,"column":72}},"27":{"start":{"line":56,"column":12},"end":{"line":56,"column":23}},"28":{"start":{"line":59,"column":12},"end":{"line":59,"column":23}},"29":{"start":{"line":64,"column":0},"end":{"line":64,"column":39}}},"fnMap":{"0":{"name":"(anonymous_0)","decl":{"start":{"line":8,"column":25},"end":{"line":8,"column":26}},"loc":{"start":{"line":8,"column":53},"end":{"line":37,"column":5}},"line":8},"1":{"name":"(anonymous_1)","decl":{"start":{"line":39,"column":23},"end":{"line":39,"column":24}},"loc":{"start":{"line":39,"column":57},"end":{"line":61,"column":5}},"line":39}},"branchMap":{"0":{"loc":{"start":{"line":13,"column":16},"end":{"line":31,"column":17}},"type":"switch","locations":[{"start":{"line":14,"column":20},"end":{"line":18,"column":30}},{"start":{"line":19,"column":20},"end":{"line":23,"column":30}},{"start":{"line":24,"column":20},"end":{"line":28,"column":30}},{"start":{"line":29,"column":20},"end":{"line":29,"column":28}}],"line":13},"1":{"loc":{"start":{"line":15,"column":24},"end":{"line":17,"column":25}},"type":"if","locations":[{"start":{"line":15,"column":24},"end":{"line":17,"column":25}},{"start":{},"end":{}}],"line":15},"2":{"loc":{"start":{"line":20,"column":24},"end":{"line":22,"column":25}},"type":"if","locations":[{"start":{"line":20,"column":24},"end":{"line":22,"column":25}},{"start":{},"end":{}}],"line":20},"3":{"loc":{"start":{"line":25,"column":24},"end":{"line":27,"column":25}},"type":"if","locations":[{"start":{"line":25,"column":24},"end":{"line":27,"column":25}},{"start":{},"end":{}}],"line":25},"4":{"loc":{"start":{"line":46,"column":12},"end":{"line":48,"column":13}},"type":"if","locations":[{"start":{"line":46,"column":12},"end":{"line":48,"column":13}},{"start":{},"end":{}}],"line":46},"5":{"loc":{"start":{"line":52,"column":12},"end":{"line":54,"column":13}},"type":"if","locations":[{"start":{"line":52,"column":12},"end":{"line":54,"column":13}},{"start":{},"end":{}}],"line":52}},"s":{"0":6,"1":6,"2":6,"3":6,"4":6,"5":3,"6":3,"7":3,"8":3,"9":3,"10":1,"11":1,"12":0,"13":1,"14":1,"15":0,"16":1,"17":1,"18":0,"19":3,"20":3,"21":3,"22":3,"23":1,"24":2,"25":2,"26":1,"27":1,"28":2,"29":6},"f":{"0":3,"1":3},"b":{"0":[1,1,1,0],"1":[1,0],"2":[1,0],"3":[1,0],"4":[1,2],"5":[1,1]},"_coverageSchema":"1a1c01bbd47fc00a2c39e90264f33305004495a9","hash":"437010bf9784e227c413de55a065b1ea7ad0f780"}
}
