TN:
SF:src\controller\brandController.js
FN:5,(anonymous_0)
FN:35,(anonymous_1)
FNF:2
FNH:2
FNDA:3,(anonymous_0)
FNDA:2,(anonymous_1)
DA:1,2
DA:2,2
DA:5,2
DA:6,3
DA:7,3
DA:9,3
DA:11,3
DA:12,1
DA:14,2
DA:16,2
DA:17,1
DA:18,1
DA:22,1
DA:29,0
DA:35,2
DA:36,2
DA:37,2
DA:38,2
DA:39,1
DA:40,1
DA:43,0
DA:49,1
LF:22
LH:20
BRDA:11,0,0,1
BRDA:11,0,1,2
BRDA:11,1,0,3
BRDA:11,1,1,1
BRDA:16,2,0,1
BRDA:16,2,1,1
BRDA:16,3,0,2
BRDA:16,3,1,1
BRDA:38,4,0,1
BRDA:38,4,1,0
BRF:10
BRH:9
end_of_record
TN:
SF:src\controller\marksController.js
FN:6,(anonymous_0)
FN:22,(anonymous_1)
FN:81,(anonymous_2)
FNF:3
FNH:3
FNDA:2,(anonymous_0)
FNDA:2,(anonymous_1)
FNDA:3,(anonymous_2)
DA:1,2
DA:2,2
DA:3,2
DA:4,2
DA:6,2
DA:7,2
DA:9,2
DA:13,2
DA:14,2
DA:15,2
DA:16,2
DA:17,2
DA:18,2
DA:19,2
DA:20,2
DA:22,2
DA:23,2
DA:34,2
DA:36,2
DA:38,2
DA:40,1
DA:42,1
DA:44,1
DA:57,1
DA:58,1
DA:60,1
DA:69,1
DA:70,1
DA:72,1
DA:73,1
DA:76,0
DA:81,2
DA:82,3
DA:83,3
DA:84,1
DA:87,3
DA:89,3
DA:90,1
DA:91,1
DA:92,1
DA:96,3
DA:98,3
DA:99,1
DA:103,3
DA:104,1
DA:107,3
DA:108,2
DA:111,3
DA:112,2
DA:115,3
DA:116,1
DA:119,3
DA:120,2
DA:123,3
DA:124,2
DA:125,2
DA:127,1
DA:128,1
DA:131,3
DA:136,3
DA:138,0
LF:61
LH:59
BRDA:9,0,0,2
BRDA:9,0,1,0
BRDA:72,1,0,1
BRDA:72,1,1,0
BRDA:72,2,0,1
BRDA:72,2,1,1
BRDA:83,3,0,1
BRDA:83,3,1,2
BRDA:89,4,0,1
BRDA:89,4,1,2
BRDA:89,5,0,3
BRDA:89,5,1,1
BRDA:98,6,0,1
BRDA:98,6,1,2
BRDA:103,7,0,1
BRDA:103,7,1,2
BRDA:107,8,0,2
BRDA:107,8,1,1
BRDA:111,9,0,2
BRDA:111,9,1,1
BRDA:111,10,0,3
BRDA:111,10,1,2
BRDA:115,11,0,1
BRDA:115,11,1,2
BRDA:119,12,0,2
BRDA:119,12,1,1
BRDA:119,13,0,3
BRDA:119,13,1,2
BRDA:123,14,0,2
BRDA:123,14,1,1
BRF:30
BRH:28
end_of_record
TN:
SF:src\controller\roiController.js
FN:6,(anonymous_0)
FNF:1
FNH:1
FNDA:5,(anonymous_0)
DA:1,1
DA:2,1
DA:3,1
DA:6,1
DA:7,5
DA:8,5
DA:10,5
DA:11,4
DA:12,4
DA:13,4
DA:15,4
DA:16,3
DA:18,2
DA:26,1
DA:34,3
DA:36,3
DA:37,0
DA:42,3
DA:45,1
DA:48,1
DA:51,0
LF:21
LH:19
BRDA:10,0,0,4
BRDA:10,0,1,1
BRDA:15,1,0,3
BRDA:15,1,1,1
BRDA:16,2,0,2
BRDA:16,2,1,1
BRDA:16,3,0,3
BRDA:16,3,1,2
BRDA:16,3,2,2
BRDA:16,3,3,2
BRDA:36,4,0,0
BRDA:36,4,1,3
BRF:12
BRH:11
end_of_record
TN:
SF:src\controller\schoolController.js
FN:7,(anonymous_0)
FN:54,(anonymous_1)
FN:63,(anonymous_2)
FNF:3
FNH:2
FNDA:3,(anonymous_0)
FNDA:1,(anonymous_1)
FNDA:0,(anonymous_2)
DA:1,1
DA:2,1
DA:3,1
DA:4,1
DA:5,1
DA:7,1
DA:8,3
DA:9,3
DA:10,3
DA:11,3
DA:14,3
DA:16,2
DA:18,2
DA:20,1
DA:22,1
DA:23,1
DA:46,1
DA:51,1
DA:52,1
DA:54,1
DA:55,1
DA:56,1
DA:61,1
DA:63,1
DA:64,1
DA:67,1
DA:71,2
DA:72,1
DA:76,1
DA:77,1
DA:82,0
LF:31
LH:30
BRDA:10,0,0,3
BRDA:10,0,1,0
BRDA:51,1,0,1
BRDA:51,1,1,0
BRDA:71,2,0,1
BRDA:71,2,1,1
BRDA:71,3,0,2
BRDA:71,3,1,2
BRDA:76,4,0,1
BRDA:76,4,1,0
BRDA:76,5,0,1
BRDA:76,5,1,1
BRF:12
BRH:9
end_of_record
TN:
SF:src\controller\studentController.js
FN:9,(anonymous_0)
FNF:1
FNH:1
FNDA:4,(anonymous_0)
DA:1,1
DA:2,1
DA:3,1
DA:4,1
DA:5,1
DA:9,1
DA:10,4
DA:11,4
DA:13,4
DA:14,4
DA:15,3
DA:18,1
DA:21,3
DA:22,3
DA:24,3
DA:25,3
DA:28,3
DA:29,3
DA:30,3
DA:31,3
DA:34,3
DA:36,3
DA:38,3
DA:41,3
DA:42,3
DA:48,3
DA:49,3
DA:52,3
DA:54,3
DA:55,1
DA:57,2
DA:61,3
DA:63,3
DA:67,0
LF:34
LH:33
BRDA:14,0,0,3
BRDA:14,0,1,1
BRDA:24,1,0,3
BRDA:24,1,1,0
BRDA:24,2,0,3
BRDA:24,2,1,3
BRDA:28,3,0,3
BRDA:28,3,1,0
BRDA:48,4,0,3
BRDA:48,4,1,0
BRDA:54,5,0,1
BRDA:54,5,1,2
BRDA:54,6,0,3
BRDA:54,6,1,1
BRF:14
BRH:11
end_of_record
TN:
SF:src\middleware\helper.js
FN:8,(anonymous_0)
FN:39,(anonymous_1)
FNF:2
FNH:2
FNDA:3,(anonymous_0)
FNDA:3,(anonymous_1)
DA:1,6
DA:2,6
DA:3,6
DA:4,6
DA:7,6
DA:9,3
DA:10,3
DA:11,3
DA:12,3
DA:13,3
DA:15,1
DA:16,1
DA:18,0
DA:20,1
DA:21,1
DA:23,0
DA:25,1
DA:26,1
DA:28,0
DA:35,3
DA:40,3
DA:41,3
DA:49,3
DA:50,1
DA:53,2
DA:55,2
DA:56,1
DA:59,1
DA:62,2
DA:67,6
LF:30
LH:27
BRDA:13,0,0,1
BRDA:13,0,1,1
BRDA:13,0,2,1
BRDA:13,0,3,0
BRDA:15,1,0,1
BRDA:15,1,1,0
BRDA:20,2,0,1
BRDA:20,2,1,0
BRDA:25,3,0,1
BRDA:25,3,1,0
BRDA:49,4,0,1
BRDA:49,4,1,2
BRDA:55,5,0,1
BRDA:55,5,1,1
BRF:14
BRH:10
end_of_record
